CRITICAL - 2023-06-18 10:59:47 --> Undefined property: App\Controllers\Auth::$db
in APPPATH\Controllers\Auth.php on line 40.
 1 APPPATH\Controllers\Auth.php(40): CodeIgniter\Debug\Exceptions->errorHandler(2, 'Undefined property: App\\Controllers\\Auth::$db', 'D:\\PROGRAMMING\\HOTEL_BSI\\hotels_bsi\\app\\Controllers\\Auth.php', 40)
 2 SYSTEMPATH\CodeIgniter.php(932): App\Controllers\Auth->login_proses()
 3 SYSTEMPATH\CodeIgniter.php(497): CodeIgniter\CodeIgniter->runController(Object(App\Controllers\Auth))
 4 SYSTEMPATH\CodeIgniter.php(366): CodeIgniter\CodeIgniter->handleRequest(null, Object(Config\Cache), false)
 5 FCPATH\index.php(67): CodeIgniter\CodeIgniter->run()
 6 SYSTEMPATH\Commands\Server\rewrite.php(47): require_once('D:\\PROGRAMMING\\HOTEL_BSI\\hotels_bsi\\public\\index.php')
CRITICAL - 2023-06-18 11:00:40 --> Undefined property: App\Controllers\Auth::$db
in APPPATH\Controllers\Auth.php on line 40.
 1 APPPATH\Controllers\Auth.php(40): CodeIgniter\Debug\Exceptions->errorHandler(2, 'Undefined property: App\\Controllers\\Auth::$db', 'D:\\PROGRAMMING\\HOTEL_BSI\\hotels_bsi\\app\\Controllers\\Auth.php', 40)
 2 SYSTEMPATH\CodeIgniter.php(932): App\Controllers\Auth->login_proses()
 3 SYSTEMPATH\CodeIgniter.php(497): CodeIgniter\CodeIgniter->runController(Object(App\Controllers\Auth))
 4 SYSTEMPATH\CodeIgniter.php(366): CodeIgniter\CodeIgniter->handleRequest(null, Object(Config\Cache), false)
 5 FCPATH\index.php(67): CodeIgniter\CodeIgniter->run()
 6 SYSTEMPATH\Commands\Server\rewrite.php(47): require_once('D:\\PROGRAMMING\\HOTEL_BSI\\hotels_bsi\\public\\index.php')
CRITICAL - 2023-06-18 11:01:14 --> Undefined property: App\Controllers\Auth::$db
in APPPATH\Controllers\Auth.php on line 40.
 1 APPPATH\Controllers\Auth.php(40): CodeIgniter\Debug\Exceptions->errorHandler(2, 'Undefined property: App\\Controllers\\Auth::$db', 'D:\\PROGRAMMING\\HOTEL_BSI\\hotels_bsi\\app\\Controllers\\Auth.php', 40)
 2 SYSTEMPATH\CodeIgniter.php(932): App\Controllers\Auth->login_proses()
 3 SYSTEMPATH\CodeIgniter.php(497): CodeIgniter\CodeIgniter->runController(Object(App\Controllers\Auth))
 4 SYSTEMPATH\CodeIgniter.php(366): CodeIgniter\CodeIgniter->handleRequest(null, Object(Config\Cache), false)
 5 FCPATH\index.php(67): CodeIgniter\CodeIgniter->run()
 6 SYSTEMPATH\Commands\Server\rewrite.php(47): require_once('D:\\PROGRAMMING\\HOTEL_BSI\\hotels_bsi\\public\\index.php')
CRITICAL - 2023-06-18 11:02:11 --> Undefined property: App\Controllers\Auth::$db
in APPPATH\Controllers\Auth.php on line 37.
 1 APPPATH\Controllers\Auth.php(37): CodeIgniter\Debug\Exceptions->errorHandler(2, 'Undefined property: App\\Controllers\\Auth::$db', 'D:\\PROGRAMMING\\HOTEL_BSI\\hotels_bsi\\app\\Controllers\\Auth.php', 37)
 2 SYSTEMPATH\CodeIgniter.php(932): App\Controllers\Auth->login_proses()
 3 SYSTEMPATH\CodeIgniter.php(497): CodeIgniter\CodeIgniter->runController(Object(App\Controllers\Auth))
 4 SYSTEMPATH\CodeIgniter.php(366): CodeIgniter\CodeIgniter->handleRequest(null, Object(Config\Cache), false)
 5 FCPATH\index.php(67): CodeIgniter\CodeIgniter->run()
 6 SYSTEMPATH\Commands\Server\rewrite.php(47): require_once('D:\\PROGRAMMING\\HOTEL_BSI\\hotels_bsi\\public\\index.php')
CRITICAL - 2023-06-18 11:02:37 --> Undefined property: App\Controllers\Auth::$db
in APPPATH\Controllers\Auth.php on line 37.
 1 APPPATH\Controllers\Auth.php(37): CodeIgniter\Debug\Exceptions->errorHandler(2, 'Undefined property: App\\Controllers\\Auth::$db', 'D:\\PROGRAMMING\\HOTEL_BSI\\hotels_bsi\\app\\Controllers\\Auth.php', 37)
 2 SYSTEMPATH\CodeIgniter.php(932): App\Controllers\Auth->login_proses()
 3 SYSTEMPATH\CodeIgniter.php(497): CodeIgniter\CodeIgniter->runController(Object(App\Controllers\Auth))
 4 SYSTEMPATH\CodeIgniter.php(366): CodeIgniter\CodeIgniter->handleRequest(null, Object(Config\Cache), false)
 5 FCPATH\index.php(67): CodeIgniter\CodeIgniter->run()
 6 SYSTEMPATH\Commands\Server\rewrite.php(47): require_once('D:\\PROGRAMMING\\HOTEL_BSI\\hotels_bsi\\public\\index.php')
CRITICAL - 2023-06-18 11:03:12 --> Undefined property: App\Controllers\Auth::$db
in APPPATH\Controllers\Auth.php on line 37.
 1 APPPATH\Controllers\Auth.php(37): CodeIgniter\Debug\Exceptions->errorHandler(2, 'Undefined property: App\\Controllers\\Auth::$db', 'D:\\PROGRAMMING\\HOTEL_BSI\\hotels_bsi\\app\\Controllers\\Auth.php', 37)
 2 SYSTEMPATH\CodeIgniter.php(932): App\Controllers\Auth->login_proses()
 3 SYSTEMPATH\CodeIgniter.php(497): CodeIgniter\CodeIgniter->runController(Object(App\Controllers\Auth))
 4 SYSTEMPATH\CodeIgniter.php(366): CodeIgniter\CodeIgniter->handleRequest(null, Object(Config\Cache), false)
 5 FCPATH\index.php(67): CodeIgniter\CodeIgniter->run()
 6 SYSTEMPATH\Commands\Server\rewrite.php(47): require_once('D:\\PROGRAMMING\\HOTEL_BSI\\hotels_bsi\\public\\index.php')
CRITICAL - 2023-06-18 11:03:19 --> Undefined property: App\Controllers\Auth::$db
in APPPATH\Controllers\Auth.php on line 37.
 1 APPPATH\Controllers\Auth.php(37): CodeIgniter\Debug\Exceptions->errorHandler(2, 'Undefined property: App\\Controllers\\Auth::$db', 'D:\\PROGRAMMING\\HOTEL_BSI\\hotels_bsi\\app\\Controllers\\Auth.php', 37)
 2 SYSTEMPATH\CodeIgniter.php(932): App\Controllers\Auth->login_proses()
 3 SYSTEMPATH\CodeIgniter.php(497): CodeIgniter\CodeIgniter->runController(Object(App\Controllers\Auth))
 4 SYSTEMPATH\CodeIgniter.php(366): CodeIgniter\CodeIgniter->handleRequest(null, Object(Config\Cache), false)
 5 FCPATH\index.php(67): CodeIgniter\CodeIgniter->run()
 6 SYSTEMPATH\Commands\Server\rewrite.php(47): require_once('D:\\PROGRAMMING\\HOTEL_BSI\\hotels_bsi\\public\\index.php')
INFO - 2023-06-18 11:17:49 --> Session: Class initialized using 'CodeIgniter\Session\Handlers\FileHandler' driver.
INFO - 2023-06-18 11:18:05 --> Session: Class initialized using 'CodeIgniter\Session\Handlers\FileHandler' driver.
INFO - 2023-06-18 11:18:20 --> Session: Class initialized using 'CodeIgniter\Session\Handlers\FileHandler' driver.
CRITICAL - 2023-06-18 11:18:28 --> Undefined property: App\Controllers\Auth::$db
in APPPATH\Controllers\Auth.php on line 37.
 1 APPPATH\Controllers\Auth.php(37): CodeIgniter\Debug\Exceptions->errorHandler(2, 'Undefined property: App\\Controllers\\Auth::$db', 'D:\\PROGRAMMING\\HOTEL_BSI\\hotels_bsi\\app\\Controllers\\Auth.php', 37)
 2 SYSTEMPATH\CodeIgniter.php(932): App\Controllers\Auth->login_proses()
 3 SYSTEMPATH\CodeIgniter.php(497): CodeIgniter\CodeIgniter->runController(Object(App\Controllers\Auth))
 4 SYSTEMPATH\CodeIgniter.php(366): CodeIgniter\CodeIgniter->handleRequest(null, Object(Config\Cache), false)
 5 FCPATH\index.php(67): CodeIgniter\CodeIgniter->run()
 6 SYSTEMPATH\Commands\Server\rewrite.php(47): require_once('D:\\PROGRAMMING\\HOTEL_BSI\\hotels_bsi\\public\\index.php')
INFO - 2023-06-18 11:19:46 --> Session: Class initialized using 'CodeIgniter\Session\Handlers\FileHandler' driver.
INFO - 2023-06-18 11:20:19 --> Session: Class initialized using 'CodeIgniter\Session\Handlers\FileHandler' driver.
INFO - 2023-06-18 11:20:26 --> Session: Class initialized using 'CodeIgniter\Session\Handlers\FileHandler' driver.
INFO - 2023-06-18 11:20:26 --> Session: Class initialized using 'CodeIgniter\Session\Handlers\FileHandler' driver.
INFO - 2023-06-18 11:20:40 --> Session: Class initialized using 'CodeIgniter\Session\Handlers\FileHandler' driver.
INFO - 2023-06-18 11:20:40 --> Session: Class initialized using 'CodeIgniter\Session\Handlers\FileHandler' driver.
INFO - 2023-06-18 11:20:46 --> Session: Class initialized using 'CodeIgniter\Session\Handlers\FileHandler' driver.
INFO - 2023-06-18 11:20:47 --> Session: Class initialized using 'CodeIgniter\Session\Handlers\FileHandler' driver.
INFO - 2023-06-18 11:21:39 --> Session: Class initialized using 'CodeIgniter\Session\Handlers\FileHandler' driver.
INFO - 2023-06-18 11:21:43 --> Session: Class initialized using 'CodeIgniter\Session\Handlers\FileHandler' driver.
INFO - 2023-06-18 11:21:43 --> Session: Class initialized using 'CodeIgniter\Session\Handlers\FileHandler' driver.
INFO - 2023-06-18 11:22:54 --> Session: Class initialized using 'CodeIgniter\Session\Handlers\FileHandler' driver.
INFO - 2023-06-18 11:23:08 --> Session: Class initialized using 'CodeIgniter\Session\Handlers\FileHandler' driver.
INFO - 2023-06-18 11:23:35 --> Session: Class initialized using 'CodeIgniter\Session\Handlers\FileHandler' driver.
ERROR - 2023-06-18 11:26:38 --> mysqli_sql_exception: You have an error in your SQL syntax; check the manual that corresponds to your MariaDB server version for the right syntax to use near '0, 1) VALUES (:0:, :1:)' at line 1 in D:\PROGRAMMING\HOTEL_BSI\hotels_bsi\system\Database\MySQLi\Connection.php:295
Stack trace:
#0 D:\PROGRAMMING\HOTEL_BSI\hotels_bsi\system\Database\MySQLi\Connection.php(295): mysqli->query('INSERT INTO `us...', 0)
#1 D:\PROGRAMMING\HOTEL_BSI\hotels_bsi\system\Database\BaseConnection.php(692): CodeIgniter\Database\MySQLi\Connection->execute('INSERT INTO `us...')
#2 D:\PROGRAMMING\HOTEL_BSI\hotels_bsi\system\Database\BaseConnection.php(606): CodeIgniter\Database\BaseConnection->simpleQuery('INSERT INTO `us...')
#3 D:\PROGRAMMING\HOTEL_BSI\hotels_bsi\system\Database\BaseBuilder.php(2309): CodeIgniter\Database\BaseConnection->query('INSERT INTO `us...', Array, false)
#4 D:\PROGRAMMING\HOTEL_BSI\hotels_bsi\app\Models\UserModel.php(51): CodeIgniter\Database\BaseBuilder->insert(Array)
#5 D:\PROGRAMMING\HOTEL_BSI\hotels_bsi\app\Controllers\Auth.php(82): App\Models\UserModel->insert_user(Array)
#6 D:\PROGRAMMING\HOTEL_BSI\hotels_bsi\app\Controllers\Auth.php(23): App\Controllers\Auth->manual_add_user()
#7 D:\PROGRAMMING\HOTEL_BSI\hotels_bsi\system\CodeIgniter.php(932): App\Controllers\Auth->login()
#8 D:\PROGRAMMING\HOTEL_BSI\hotels_bsi\system\CodeIgniter.php(497): CodeIgniter\CodeIgniter->runController(Object(App\Controllers\Auth))
#9 D:\PROGRAMMING\HOTEL_BSI\hotels_bsi\system\CodeIgniter.php(366): CodeIgniter\CodeIgniter->handleRequest(NULL, Object(Config\Cache), false)
#10 D:\PROGRAMMING\HOTEL_BSI\hotels_bsi\public\index.php(67): CodeIgniter\CodeIgniter->run()
#11 D:\PROGRAMMING\HOTEL_BSI\hotels_bsi\system\Commands\Server\rewrite.php(47): require_once('D:\\PROGRAMMING\\...')
#12 {main}
CRITICAL - 2023-06-18 11:26:38 --> You have an error in your SQL syntax; check the manual that corresponds to your MariaDB server version for the right syntax to use near '0, 1) VALUES (:0:, :1:)' at line 1
in SYSTEMPATH\Database\MySQLi\Connection.php on line 295.
 1 SYSTEMPATH\Database\MySQLi\Connection.php(295): mysqli->query('INSERT INTO `user` (0, 1) VALUES (:0:, :1:)', 0)
 2 SYSTEMPATH\Database\BaseConnection.php(692): CodeIgniter\Database\MySQLi\Connection->execute('INSERT INTO `user` (0, 1) VALUES (:0:, :1:)')
 3 SYSTEMPATH\Database\BaseConnection.php(606): CodeIgniter\Database\BaseConnection->simpleQuery('INSERT INTO `user` (0, 1) VALUES (:0:, :1:)')
 4 SYSTEMPATH\Database\BaseBuilder.php(2309): CodeIgniter\Database\BaseConnection->query('INSERT INTO `user` (0, 1) VALUES (:0:, :1:)', [...], false)
 5 APPPATH\Models\UserModel.php(51): CodeIgniter\Database\BaseBuilder->insert([...])
 6 APPPATH\Controllers\Auth.php(82): App\Models\UserModel->insert_user([...])
 7 APPPATH\Controllers\Auth.php(23): App\Controllers\Auth->manual_add_user()
 8 SYSTEMPATH\CodeIgniter.php(932): App\Controllers\Auth->login()
 9 SYSTEMPATH\CodeIgniter.php(497): CodeIgniter\CodeIgniter->runController(Object(App\Controllers\Auth))
10 SYSTEMPATH\CodeIgniter.php(366): CodeIgniter\CodeIgniter->handleRequest(null, Object(Config\Cache), false)
11 FCPATH\index.php(67): CodeIgniter\CodeIgniter->run()
12 SYSTEMPATH\Commands\Server\rewrite.php(47): require_once('D:\\PROGRAMMING\\HOTEL_BSI\\hotels_bsi\\public\\index.php')
ERROR - 2023-06-18 11:28:03 --> mysqli_sql_exception: You have an error in your SQL syntax; check the manual that corresponds to your MariaDB server version for the right syntax to use near '0, 1) VALUES (:0:, :1:)' at line 1 in D:\PROGRAMMING\HOTEL_BSI\hotels_bsi\system\Database\MySQLi\Connection.php:295
Stack trace:
#0 D:\PROGRAMMING\HOTEL_BSI\hotels_bsi\system\Database\MySQLi\Connection.php(295): mysqli->query('INSERT INTO `us...', 0)
#1 D:\PROGRAMMING\HOTEL_BSI\hotels_bsi\system\Database\BaseConnection.php(692): CodeIgniter\Database\MySQLi\Connection->execute('INSERT INTO `us...')
#2 D:\PROGRAMMING\HOTEL_BSI\hotels_bsi\system\Database\BaseConnection.php(606): CodeIgniter\Database\BaseConnection->simpleQuery('INSERT INTO `us...')
#3 D:\PROGRAMMING\HOTEL_BSI\hotels_bsi\system\Database\BaseBuilder.php(2309): CodeIgniter\Database\BaseConnection->query('INSERT INTO `us...', Array, false)
#4 D:\PROGRAMMING\HOTEL_BSI\hotels_bsi\app\Models\UserModel.php(51): CodeIgniter\Database\BaseBuilder->insert(Array)
#5 D:\PROGRAMMING\HOTEL_BSI\hotels_bsi\app\Controllers\Auth.php(85): App\Models\UserModel->insert_user(Array)
#6 D:\PROGRAMMING\HOTEL_BSI\hotels_bsi\app\Controllers\Auth.php(24): App\Controllers\Auth->manual_add_user()
#7 D:\PROGRAMMING\HOTEL_BSI\hotels_bsi\system\CodeIgniter.php(932): App\Controllers\Auth->login()
#8 D:\PROGRAMMING\HOTEL_BSI\hotels_bsi\system\CodeIgniter.php(497): CodeIgniter\CodeIgniter->runController(Object(App\Controllers\Auth))
#9 D:\PROGRAMMING\HOTEL_BSI\hotels_bsi\system\CodeIgniter.php(366): CodeIgniter\CodeIgniter->handleRequest(NULL, Object(Config\Cache), false)
#10 D:\PROGRAMMING\HOTEL_BSI\hotels_bsi\public\index.php(67): CodeIgniter\CodeIgniter->run()
#11 D:\PROGRAMMING\HOTEL_BSI\hotels_bsi\system\Commands\Server\rewrite.php(47): require_once('D:\\PROGRAMMING\\...')
#12 {main}
CRITICAL - 2023-06-18 11:28:03 --> You have an error in your SQL syntax; check the manual that corresponds to your MariaDB server version for the right syntax to use near '0, 1) VALUES (:0:, :1:)' at line 1
in SYSTEMPATH\Database\MySQLi\Connection.php on line 295.
 1 SYSTEMPATH\Database\MySQLi\Connection.php(295): mysqli->query('INSERT INTO `user` (0, 1) VALUES (:0:, :1:)', 0)
 2 SYSTEMPATH\Database\BaseConnection.php(692): CodeIgniter\Database\MySQLi\Connection->execute('INSERT INTO `user` (0, 1) VALUES (:0:, :1:)')
 3 SYSTEMPATH\Database\BaseConnection.php(606): CodeIgniter\Database\BaseConnection->simpleQuery('INSERT INTO `user` (0, 1) VALUES (:0:, :1:)')
 4 SYSTEMPATH\Database\BaseBuilder.php(2309): CodeIgniter\Database\BaseConnection->query('INSERT INTO `user` (0, 1) VALUES (:0:, :1:)', [...], false)
 5 APPPATH\Models\UserModel.php(51): CodeIgniter\Database\BaseBuilder->insert([...])
 6 APPPATH\Controllers\Auth.php(85): App\Models\UserModel->insert_user([...])
 7 APPPATH\Controllers\Auth.php(24): App\Controllers\Auth->manual_add_user()
 8 SYSTEMPATH\CodeIgniter.php(932): App\Controllers\Auth->login()
 9 SYSTEMPATH\CodeIgniter.php(497): CodeIgniter\CodeIgniter->runController(Object(App\Controllers\Auth))
10 SYSTEMPATH\CodeIgniter.php(366): CodeIgniter\CodeIgniter->handleRequest(null, Object(Config\Cache), false)
11 FCPATH\index.php(67): CodeIgniter\CodeIgniter->run()
12 SYSTEMPATH\Commands\Server\rewrite.php(47): require_once('D:\\PROGRAMMING\\HOTEL_BSI\\hotels_bsi\\public\\index.php')
ERROR - 2023-06-18 11:28:05 --> mysqli_sql_exception: You have an error in your SQL syntax; check the manual that corresponds to your MariaDB server version for the right syntax to use near '0, 1) VALUES (:0:, :1:)' at line 1 in D:\PROGRAMMING\HOTEL_BSI\hotels_bsi\system\Database\MySQLi\Connection.php:295
Stack trace:
#0 D:\PROGRAMMING\HOTEL_BSI\hotels_bsi\system\Database\MySQLi\Connection.php(295): mysqli->query('INSERT INTO `us...', 0)
#1 D:\PROGRAMMING\HOTEL_BSI\hotels_bsi\system\Database\BaseConnection.php(692): CodeIgniter\Database\MySQLi\Connection->execute('INSERT INTO `us...')
#2 D:\PROGRAMMING\HOTEL_BSI\hotels_bsi\system\Database\BaseConnection.php(606): CodeIgniter\Database\BaseConnection->simpleQuery('INSERT INTO `us...')
#3 D:\PROGRAMMING\HOTEL_BSI\hotels_bsi\system\Database\BaseBuilder.php(2309): CodeIgniter\Database\BaseConnection->query('INSERT INTO `us...', Array, false)
#4 D:\PROGRAMMING\HOTEL_BSI\hotels_bsi\app\Models\UserModel.php(51): CodeIgniter\Database\BaseBuilder->insert(Array)
#5 D:\PROGRAMMING\HOTEL_BSI\hotels_bsi\app\Controllers\Auth.php(85): App\Models\UserModel->insert_user(Array)
#6 D:\PROGRAMMING\HOTEL_BSI\hotels_bsi\app\Controllers\Auth.php(24): App\Controllers\Auth->manual_add_user()
#7 D:\PROGRAMMING\HOTEL_BSI\hotels_bsi\system\CodeIgniter.php(932): App\Controllers\Auth->login()
#8 D:\PROGRAMMING\HOTEL_BSI\hotels_bsi\system\CodeIgniter.php(497): CodeIgniter\CodeIgniter->runController(Object(App\Controllers\Auth))
#9 D:\PROGRAMMING\HOTEL_BSI\hotels_bsi\system\CodeIgniter.php(366): CodeIgniter\CodeIgniter->handleRequest(NULL, Object(Config\Cache), false)
#10 D:\PROGRAMMING\HOTEL_BSI\hotels_bsi\public\index.php(67): CodeIgniter\CodeIgniter->run()
#11 D:\PROGRAMMING\HOTEL_BSI\hotels_bsi\system\Commands\Server\rewrite.php(47): require_once('D:\\PROGRAMMING\\...')
#12 {main}
CRITICAL - 2023-06-18 11:28:05 --> You have an error in your SQL syntax; check the manual that corresponds to your MariaDB server version for the right syntax to use near '0, 1) VALUES (:0:, :1:)' at line 1
in SYSTEMPATH\Database\MySQLi\Connection.php on line 295.
 1 SYSTEMPATH\Database\MySQLi\Connection.php(295): mysqli->query('INSERT INTO `user` (0, 1) VALUES (:0:, :1:)', 0)
 2 SYSTEMPATH\Database\BaseConnection.php(692): CodeIgniter\Database\MySQLi\Connection->execute('INSERT INTO `user` (0, 1) VALUES (:0:, :1:)')
 3 SYSTEMPATH\Database\BaseConnection.php(606): CodeIgniter\Database\BaseConnection->simpleQuery('INSERT INTO `user` (0, 1) VALUES (:0:, :1:)')
 4 SYSTEMPATH\Database\BaseBuilder.php(2309): CodeIgniter\Database\BaseConnection->query('INSERT INTO `user` (0, 1) VALUES (:0:, :1:)', [...], false)
 5 APPPATH\Models\UserModel.php(51): CodeIgniter\Database\BaseBuilder->insert([...])
 6 APPPATH\Controllers\Auth.php(85): App\Models\UserModel->insert_user([...])
 7 APPPATH\Controllers\Auth.php(24): App\Controllers\Auth->manual_add_user()
 8 SYSTEMPATH\CodeIgniter.php(932): App\Controllers\Auth->login()
 9 SYSTEMPATH\CodeIgniter.php(497): CodeIgniter\CodeIgniter->runController(Object(App\Controllers\Auth))
10 SYSTEMPATH\CodeIgniter.php(366): CodeIgniter\CodeIgniter->handleRequest(null, Object(Config\Cache), false)
11 FCPATH\index.php(67): CodeIgniter\CodeIgniter->run()
12 SYSTEMPATH\Commands\Server\rewrite.php(47): require_once('D:\\PROGRAMMING\\HOTEL_BSI\\hotels_bsi\\public\\index.php')
ERROR - 2023-06-18 11:28:05 --> mysqli_sql_exception: You have an error in your SQL syntax; check the manual that corresponds to your MariaDB server version for the right syntax to use near '0, 1) VALUES (:0:, :1:)' at line 1 in D:\PROGRAMMING\HOTEL_BSI\hotels_bsi\system\Database\MySQLi\Connection.php:295
Stack trace:
#0 D:\PROGRAMMING\HOTEL_BSI\hotels_bsi\system\Database\MySQLi\Connection.php(295): mysqli->query('INSERT INTO `us...', 0)
#1 D:\PROGRAMMING\HOTEL_BSI\hotels_bsi\system\Database\BaseConnection.php(692): CodeIgniter\Database\MySQLi\Connection->execute('INSERT INTO `us...')
#2 D:\PROGRAMMING\HOTEL_BSI\hotels_bsi\system\Database\BaseConnection.php(606): CodeIgniter\Database\BaseConnection->simpleQuery('INSERT INTO `us...')
#3 D:\PROGRAMMING\HOTEL_BSI\hotels_bsi\system\Database\BaseBuilder.php(2309): CodeIgniter\Database\BaseConnection->query('INSERT INTO `us...', Array, false)
#4 D:\PROGRAMMING\HOTEL_BSI\hotels_bsi\app\Models\UserModel.php(51): CodeIgniter\Database\BaseBuilder->insert(Array)
#5 D:\PROGRAMMING\HOTEL_BSI\hotels_bsi\app\Controllers\Auth.php(85): App\Models\UserModel->insert_user(Array)
#6 D:\PROGRAMMING\HOTEL_BSI\hotels_bsi\app\Controllers\Auth.php(24): App\Controllers\Auth->manual_add_user()
#7 D:\PROGRAMMING\HOTEL_BSI\hotels_bsi\system\CodeIgniter.php(932): App\Controllers\Auth->login()
#8 D:\PROGRAMMING\HOTEL_BSI\hotels_bsi\system\CodeIgniter.php(497): CodeIgniter\CodeIgniter->runController(Object(App\Controllers\Auth))
#9 D:\PROGRAMMING\HOTEL_BSI\hotels_bsi\system\CodeIgniter.php(366): CodeIgniter\CodeIgniter->handleRequest(NULL, Object(Config\Cache), false)
#10 D:\PROGRAMMING\HOTEL_BSI\hotels_bsi\public\index.php(67): CodeIgniter\CodeIgniter->run()
#11 D:\PROGRAMMING\HOTEL_BSI\hotels_bsi\system\Commands\Server\rewrite.php(47): require_once('D:\\PROGRAMMING\\...')
#12 {main}
CRITICAL - 2023-06-18 11:28:05 --> You have an error in your SQL syntax; check the manual that corresponds to your MariaDB server version for the right syntax to use near '0, 1) VALUES (:0:, :1:)' at line 1
in SYSTEMPATH\Database\MySQLi\Connection.php on line 295.
 1 SYSTEMPATH\Database\MySQLi\Connection.php(295): mysqli->query('INSERT INTO `user` (0, 1) VALUES (:0:, :1:)', 0)
 2 SYSTEMPATH\Database\BaseConnection.php(692): CodeIgniter\Database\MySQLi\Connection->execute('INSERT INTO `user` (0, 1) VALUES (:0:, :1:)')
 3 SYSTEMPATH\Database\BaseConnection.php(606): CodeIgniter\Database\BaseConnection->simpleQuery('INSERT INTO `user` (0, 1) VALUES (:0:, :1:)')
 4 SYSTEMPATH\Database\BaseBuilder.php(2309): CodeIgniter\Database\BaseConnection->query('INSERT INTO `user` (0, 1) VALUES (:0:, :1:)', [...], false)
 5 APPPATH\Models\UserModel.php(51): CodeIgniter\Database\BaseBuilder->insert([...])
 6 APPPATH\Controllers\Auth.php(85): App\Models\UserModel->insert_user([...])
 7 APPPATH\Controllers\Auth.php(24): App\Controllers\Auth->manual_add_user()
 8 SYSTEMPATH\CodeIgniter.php(932): App\Controllers\Auth->login()
 9 SYSTEMPATH\CodeIgniter.php(497): CodeIgniter\CodeIgniter->runController(Object(App\Controllers\Auth))
10 SYSTEMPATH\CodeIgniter.php(366): CodeIgniter\CodeIgniter->handleRequest(null, Object(Config\Cache), false)
11 FCPATH\index.php(67): CodeIgniter\CodeIgniter->run()
12 SYSTEMPATH\Commands\Server\rewrite.php(47): require_once('D:\\PROGRAMMING\\HOTEL_BSI\\hotels_bsi\\public\\index.php')
ERROR - 2023-06-18 11:28:06 --> mysqli_sql_exception: You have an error in your SQL syntax; check the manual that corresponds to your MariaDB server version for the right syntax to use near '0, 1) VALUES (:0:, :1:)' at line 1 in D:\PROGRAMMING\HOTEL_BSI\hotels_bsi\system\Database\MySQLi\Connection.php:295
Stack trace:
#0 D:\PROGRAMMING\HOTEL_BSI\hotels_bsi\system\Database\MySQLi\Connection.php(295): mysqli->query('INSERT INTO `us...', 0)
#1 D:\PROGRAMMING\HOTEL_BSI\hotels_bsi\system\Database\BaseConnection.php(692): CodeIgniter\Database\MySQLi\Connection->execute('INSERT INTO `us...')
#2 D:\PROGRAMMING\HOTEL_BSI\hotels_bsi\system\Database\BaseConnection.php(606): CodeIgniter\Database\BaseConnection->simpleQuery('INSERT INTO `us...')
#3 D:\PROGRAMMING\HOTEL_BSI\hotels_bsi\system\Database\BaseBuilder.php(2309): CodeIgniter\Database\BaseConnection->query('INSERT INTO `us...', Array, false)
#4 D:\PROGRAMMING\HOTEL_BSI\hotels_bsi\app\Models\UserModel.php(51): CodeIgniter\Database\BaseBuilder->insert(Array)
#5 D:\PROGRAMMING\HOTEL_BSI\hotels_bsi\app\Controllers\Auth.php(85): App\Models\UserModel->insert_user(Array)
#6 D:\PROGRAMMING\HOTEL_BSI\hotels_bsi\app\Controllers\Auth.php(24): App\Controllers\Auth->manual_add_user()
#7 D:\PROGRAMMING\HOTEL_BSI\hotels_bsi\system\CodeIgniter.php(932): App\Controllers\Auth->login()
#8 D:\PROGRAMMING\HOTEL_BSI\hotels_bsi\system\CodeIgniter.php(497): CodeIgniter\CodeIgniter->runController(Object(App\Controllers\Auth))
#9 D:\PROGRAMMING\HOTEL_BSI\hotels_bsi\system\CodeIgniter.php(366): CodeIgniter\CodeIgniter->handleRequest(NULL, Object(Config\Cache), false)
#10 D:\PROGRAMMING\HOTEL_BSI\hotels_bsi\public\index.php(67): CodeIgniter\CodeIgniter->run()
#11 D:\PROGRAMMING\HOTEL_BSI\hotels_bsi\system\Commands\Server\rewrite.php(47): require_once('D:\\PROGRAMMING\\...')
#12 {main}
CRITICAL - 2023-06-18 11:28:06 --> You have an error in your SQL syntax; check the manual that corresponds to your MariaDB server version for the right syntax to use near '0, 1) VALUES (:0:, :1:)' at line 1
in SYSTEMPATH\Database\MySQLi\Connection.php on line 295.
 1 SYSTEMPATH\Database\MySQLi\Connection.php(295): mysqli->query('INSERT INTO `user` (0, 1) VALUES (:0:, :1:)', 0)
 2 SYSTEMPATH\Database\BaseConnection.php(692): CodeIgniter\Database\MySQLi\Connection->execute('INSERT INTO `user` (0, 1) VALUES (:0:, :1:)')
 3 SYSTEMPATH\Database\BaseConnection.php(606): CodeIgniter\Database\BaseConnection->simpleQuery('INSERT INTO `user` (0, 1) VALUES (:0:, :1:)')
 4 SYSTEMPATH\Database\BaseBuilder.php(2309): CodeIgniter\Database\BaseConnection->query('INSERT INTO `user` (0, 1) VALUES (:0:, :1:)', [...], false)
 5 APPPATH\Models\UserModel.php(51): CodeIgniter\Database\BaseBuilder->insert([...])
 6 APPPATH\Controllers\Auth.php(85): App\Models\UserModel->insert_user([...])
 7 APPPATH\Controllers\Auth.php(24): App\Controllers\Auth->manual_add_user()
 8 SYSTEMPATH\CodeIgniter.php(932): App\Controllers\Auth->login()
 9 SYSTEMPATH\CodeIgniter.php(497): CodeIgniter\CodeIgniter->runController(Object(App\Controllers\Auth))
10 SYSTEMPATH\CodeIgniter.php(366): CodeIgniter\CodeIgniter->handleRequest(null, Object(Config\Cache), false)
11 FCPATH\index.php(67): CodeIgniter\CodeIgniter->run()
12 SYSTEMPATH\Commands\Server\rewrite.php(47): require_once('D:\\PROGRAMMING\\HOTEL_BSI\\hotels_bsi\\public\\index.php')
ERROR - 2023-06-18 11:28:07 --> mysqli_sql_exception: You have an error in your SQL syntax; check the manual that corresponds to your MariaDB server version for the right syntax to use near '0, 1) VALUES (:0:, :1:)' at line 1 in D:\PROGRAMMING\HOTEL_BSI\hotels_bsi\system\Database\MySQLi\Connection.php:295
Stack trace:
#0 D:\PROGRAMMING\HOTEL_BSI\hotels_bsi\system\Database\MySQLi\Connection.php(295): mysqli->query('INSERT INTO `us...', 0)
#1 D:\PROGRAMMING\HOTEL_BSI\hotels_bsi\system\Database\BaseConnection.php(692): CodeIgniter\Database\MySQLi\Connection->execute('INSERT INTO `us...')
#2 D:\PROGRAMMING\HOTEL_BSI\hotels_bsi\system\Database\BaseConnection.php(606): CodeIgniter\Database\BaseConnection->simpleQuery('INSERT INTO `us...')
#3 D:\PROGRAMMING\HOTEL_BSI\hotels_bsi\system\Database\BaseBuilder.php(2309): CodeIgniter\Database\BaseConnection->query('INSERT INTO `us...', Array, false)
#4 D:\PROGRAMMING\HOTEL_BSI\hotels_bsi\app\Models\UserModel.php(51): CodeIgniter\Database\BaseBuilder->insert(Array)
#5 D:\PROGRAMMING\HOTEL_BSI\hotels_bsi\app\Controllers\Auth.php(85): App\Models\UserModel->insert_user(Array)
#6 D:\PROGRAMMING\HOTEL_BSI\hotels_bsi\app\Controllers\Auth.php(24): App\Controllers\Auth->manual_add_user()
#7 D:\PROGRAMMING\HOTEL_BSI\hotels_bsi\system\CodeIgniter.php(932): App\Controllers\Auth->login()
#8 D:\PROGRAMMING\HOTEL_BSI\hotels_bsi\system\CodeIgniter.php(497): CodeIgniter\CodeIgniter->runController(Object(App\Controllers\Auth))
#9 D:\PROGRAMMING\HOTEL_BSI\hotels_bsi\system\CodeIgniter.php(366): CodeIgniter\CodeIgniter->handleRequest(NULL, Object(Config\Cache), false)
#10 D:\PROGRAMMING\HOTEL_BSI\hotels_bsi\public\index.php(67): CodeIgniter\CodeIgniter->run()
#11 D:\PROGRAMMING\HOTEL_BSI\hotels_bsi\system\Commands\Server\rewrite.php(47): require_once('D:\\PROGRAMMING\\...')
#12 {main}
CRITICAL - 2023-06-18 11:28:07 --> You have an error in your SQL syntax; check the manual that corresponds to your MariaDB server version for the right syntax to use near '0, 1) VALUES (:0:, :1:)' at line 1
in SYSTEMPATH\Database\MySQLi\Connection.php on line 295.
 1 SYSTEMPATH\Database\MySQLi\Connection.php(295): mysqli->query('INSERT INTO `user` (0, 1) VALUES (:0:, :1:)', 0)
 2 SYSTEMPATH\Database\BaseConnection.php(692): CodeIgniter\Database\MySQLi\Connection->execute('INSERT INTO `user` (0, 1) VALUES (:0:, :1:)')
 3 SYSTEMPATH\Database\BaseConnection.php(606): CodeIgniter\Database\BaseConnection->simpleQuery('INSERT INTO `user` (0, 1) VALUES (:0:, :1:)')
 4 SYSTEMPATH\Database\BaseBuilder.php(2309): CodeIgniter\Database\BaseConnection->query('INSERT INTO `user` (0, 1) VALUES (:0:, :1:)', [...], false)
 5 APPPATH\Models\UserModel.php(51): CodeIgniter\Database\BaseBuilder->insert([...])
 6 APPPATH\Controllers\Auth.php(85): App\Models\UserModel->insert_user([...])
 7 APPPATH\Controllers\Auth.php(24): App\Controllers\Auth->manual_add_user()
 8 SYSTEMPATH\CodeIgniter.php(932): App\Controllers\Auth->login()
 9 SYSTEMPATH\CodeIgniter.php(497): CodeIgniter\CodeIgniter->runController(Object(App\Controllers\Auth))
10 SYSTEMPATH\CodeIgniter.php(366): CodeIgniter\CodeIgniter->handleRequest(null, Object(Config\Cache), false)
11 FCPATH\index.php(67): CodeIgniter\CodeIgniter->run()
12 SYSTEMPATH\Commands\Server\rewrite.php(47): require_once('D:\\PROGRAMMING\\HOTEL_BSI\\hotels_bsi\\public\\index.php')
ERROR - 2023-06-18 11:28:14 --> mysqli_sql_exception: You have an error in your SQL syntax; check the manual that corresponds to your MariaDB server version for the right syntax to use near '0, 1) VALUES (:0:, :1:)' at line 1 in D:\PROGRAMMING\HOTEL_BSI\hotels_bsi\system\Database\MySQLi\Connection.php:295
Stack trace:
#0 D:\PROGRAMMING\HOTEL_BSI\hotels_bsi\system\Database\MySQLi\Connection.php(295): mysqli->query('INSERT INTO `us...', 0)
#1 D:\PROGRAMMING\HOTEL_BSI\hotels_bsi\system\Database\BaseConnection.php(692): CodeIgniter\Database\MySQLi\Connection->execute('INSERT INTO `us...')
#2 D:\PROGRAMMING\HOTEL_BSI\hotels_bsi\system\Database\BaseConnection.php(606): CodeIgniter\Database\BaseConnection->simpleQuery('INSERT INTO `us...')
#3 D:\PROGRAMMING\HOTEL_BSI\hotels_bsi\system\Database\BaseBuilder.php(2309): CodeIgniter\Database\BaseConnection->query('INSERT INTO `us...', Array, false)
#4 D:\PROGRAMMING\HOTEL_BSI\hotels_bsi\app\Models\UserModel.php(51): CodeIgniter\Database\BaseBuilder->insert(Array)
#5 D:\PROGRAMMING\HOTEL_BSI\hotels_bsi\app\Controllers\Auth.php(85): App\Models\UserModel->insert_user(Array)
#6 D:\PROGRAMMING\HOTEL_BSI\hotels_bsi\app\Controllers\Auth.php(24): App\Controllers\Auth->manual_add_user()
#7 D:\PROGRAMMING\HOTEL_BSI\hotels_bsi\system\CodeIgniter.php(932): App\Controllers\Auth->login()
#8 D:\PROGRAMMING\HOTEL_BSI\hotels_bsi\system\CodeIgniter.php(497): CodeIgniter\CodeIgniter->runController(Object(App\Controllers\Auth))
#9 D:\PROGRAMMING\HOTEL_BSI\hotels_bsi\system\CodeIgniter.php(366): CodeIgniter\CodeIgniter->handleRequest(NULL, Object(Config\Cache), false)
#10 D:\PROGRAMMING\HOTEL_BSI\hotels_bsi\public\index.php(67): CodeIgniter\CodeIgniter->run()
#11 D:\PROGRAMMING\HOTEL_BSI\hotels_bsi\system\Commands\Server\rewrite.php(47): require_once('D:\\PROGRAMMING\\...')
#12 {main}
CRITICAL - 2023-06-18 11:28:14 --> You have an error in your SQL syntax; check the manual that corresponds to your MariaDB server version for the right syntax to use near '0, 1) VALUES (:0:, :1:)' at line 1
in SYSTEMPATH\Database\MySQLi\Connection.php on line 295.
 1 SYSTEMPATH\Database\MySQLi\Connection.php(295): mysqli->query('INSERT INTO `user` (0, 1) VALUES (:0:, :1:)', 0)
 2 SYSTEMPATH\Database\BaseConnection.php(692): CodeIgniter\Database\MySQLi\Connection->execute('INSERT INTO `user` (0, 1) VALUES (:0:, :1:)')
 3 SYSTEMPATH\Database\BaseConnection.php(606): CodeIgniter\Database\BaseConnection->simpleQuery('INSERT INTO `user` (0, 1) VALUES (:0:, :1:)')
 4 SYSTEMPATH\Database\BaseBuilder.php(2309): CodeIgniter\Database\BaseConnection->query('INSERT INTO `user` (0, 1) VALUES (:0:, :1:)', [...], false)
 5 APPPATH\Models\UserModel.php(51): CodeIgniter\Database\BaseBuilder->insert([...])
 6 APPPATH\Controllers\Auth.php(85): App\Models\UserModel->insert_user([...])
 7 APPPATH\Controllers\Auth.php(24): App\Controllers\Auth->manual_add_user()
 8 SYSTEMPATH\CodeIgniter.php(932): App\Controllers\Auth->login()
 9 SYSTEMPATH\CodeIgniter.php(497): CodeIgniter\CodeIgniter->runController(Object(App\Controllers\Auth))
10 SYSTEMPATH\CodeIgniter.php(366): CodeIgniter\CodeIgniter->handleRequest(null, Object(Config\Cache), false)
11 FCPATH\index.php(67): CodeIgniter\CodeIgniter->run()
12 SYSTEMPATH\Commands\Server\rewrite.php(47): require_once('D:\\PROGRAMMING\\HOTEL_BSI\\hotels_bsi\\public\\index.php')
INFO - 2023-06-18 11:28:30 --> Session: Class initialized using 'CodeIgniter\Session\Handlers\FileHandler' driver.
ERROR - 2023-06-18 11:28:45 --> mysqli_sql_exception: You have an error in your SQL syntax; check the manual that corresponds to your MariaDB server version for the right syntax to use near '0, 1) VALUES (:0:, :1:)' at line 1 in D:\PROGRAMMING\HOTEL_BSI\hotels_bsi\system\Database\MySQLi\Connection.php:295
Stack trace:
#0 D:\PROGRAMMING\HOTEL_BSI\hotels_bsi\system\Database\MySQLi\Connection.php(295): mysqli->query('INSERT INTO `us...', 0)
#1 D:\PROGRAMMING\HOTEL_BSI\hotels_bsi\system\Database\BaseConnection.php(692): CodeIgniter\Database\MySQLi\Connection->execute('INSERT INTO `us...')
#2 D:\PROGRAMMING\HOTEL_BSI\hotels_bsi\system\Database\BaseConnection.php(606): CodeIgniter\Database\BaseConnection->simpleQuery('INSERT INTO `us...')
#3 D:\PROGRAMMING\HOTEL_BSI\hotels_bsi\system\Database\BaseBuilder.php(2309): CodeIgniter\Database\BaseConnection->query('INSERT INTO `us...', Array, false)
#4 D:\PROGRAMMING\HOTEL_BSI\hotels_bsi\app\Models\UserModel.php(51): CodeIgniter\Database\BaseBuilder->insert(Array)
#5 D:\PROGRAMMING\HOTEL_BSI\hotels_bsi\app\Controllers\Auth.php(85): App\Models\UserModel->insert_user(Array)
#6 D:\PROGRAMMING\HOTEL_BSI\hotels_bsi\app\Controllers\Auth.php(24): App\Controllers\Auth->manual_add_user()
#7 D:\PROGRAMMING\HOTEL_BSI\hotels_bsi\system\CodeIgniter.php(932): App\Controllers\Auth->login()
#8 D:\PROGRAMMING\HOTEL_BSI\hotels_bsi\system\CodeIgniter.php(497): CodeIgniter\CodeIgniter->runController(Object(App\Controllers\Auth))
#9 D:\PROGRAMMING\HOTEL_BSI\hotels_bsi\system\CodeIgniter.php(366): CodeIgniter\CodeIgniter->handleRequest(NULL, Object(Config\Cache), false)
#10 D:\PROGRAMMING\HOTEL_BSI\hotels_bsi\public\index.php(67): CodeIgniter\CodeIgniter->run()
#11 D:\PROGRAMMING\HOTEL_BSI\hotels_bsi\system\Commands\Server\rewrite.php(47): require_once('D:\\PROGRAMMING\\...')
#12 {main}
CRITICAL - 2023-06-18 11:28:45 --> You have an error in your SQL syntax; check the manual that corresponds to your MariaDB server version for the right syntax to use near '0, 1) VALUES (:0:, :1:)' at line 1
in SYSTEMPATH\Database\MySQLi\Connection.php on line 295.
 1 SYSTEMPATH\Database\MySQLi\Connection.php(295): mysqli->query('INSERT INTO `user` (0, 1) VALUES (:0:, :1:)', 0)
 2 SYSTEMPATH\Database\BaseConnection.php(692): CodeIgniter\Database\MySQLi\Connection->execute('INSERT INTO `user` (0, 1) VALUES (:0:, :1:)')
 3 SYSTEMPATH\Database\BaseConnection.php(606): CodeIgniter\Database\BaseConnection->simpleQuery('INSERT INTO `user` (0, 1) VALUES (:0:, :1:)')
 4 SYSTEMPATH\Database\BaseBuilder.php(2309): CodeIgniter\Database\BaseConnection->query('INSERT INTO `user` (0, 1) VALUES (:0:, :1:)', [...], false)
 5 APPPATH\Models\UserModel.php(51): CodeIgniter\Database\BaseBuilder->insert([...])
 6 APPPATH\Controllers\Auth.php(85): App\Models\UserModel->insert_user([...])
 7 APPPATH\Controllers\Auth.php(24): App\Controllers\Auth->manual_add_user()
 8 SYSTEMPATH\CodeIgniter.php(932): App\Controllers\Auth->login()
 9 SYSTEMPATH\CodeIgniter.php(497): CodeIgniter\CodeIgniter->runController(Object(App\Controllers\Auth))
10 SYSTEMPATH\CodeIgniter.php(366): CodeIgniter\CodeIgniter->handleRequest(null, Object(Config\Cache), false)
11 FCPATH\index.php(67): CodeIgniter\CodeIgniter->run()
12 SYSTEMPATH\Commands\Server\rewrite.php(47): require_once('D:\\PROGRAMMING\\HOTEL_BSI\\hotels_bsi\\public\\index.php')
ERROR - 2023-06-18 11:32:16 --> mysqli_sql_exception: You have an error in your SQL syntax; check the manual that corresponds to your MariaDB server version for the right syntax to use near '1, 2) VALUES (:1:, :2:)' at line 1 in D:\PROGRAMMING\HOTEL_BSI\hotels_bsi\system\Database\MySQLi\Connection.php:295
Stack trace:
#0 D:\PROGRAMMING\HOTEL_BSI\hotels_bsi\system\Database\MySQLi\Connection.php(295): mysqli->query('INSERT INTO `us...', 0)
#1 D:\PROGRAMMING\HOTEL_BSI\hotels_bsi\system\Database\BaseConnection.php(692): CodeIgniter\Database\MySQLi\Connection->execute('INSERT INTO `us...')
#2 D:\PROGRAMMING\HOTEL_BSI\hotels_bsi\system\Database\BaseConnection.php(606): CodeIgniter\Database\BaseConnection->simpleQuery('INSERT INTO `us...')
#3 D:\PROGRAMMING\HOTEL_BSI\hotels_bsi\system\Database\BaseBuilder.php(2309): CodeIgniter\Database\BaseConnection->query('INSERT INTO `us...', Array, false)
#4 D:\PROGRAMMING\HOTEL_BSI\hotels_bsi\app\Models\UserModel.php(51): CodeIgniter\Database\BaseBuilder->insert(Array)
#5 D:\PROGRAMMING\HOTEL_BSI\hotels_bsi\app\Controllers\Auth.php(83): App\Models\UserModel->insert_user(Array)
#6 D:\PROGRAMMING\HOTEL_BSI\hotels_bsi\app\Controllers\Auth.php(24): App\Controllers\Auth->manual_add_user()
#7 D:\PROGRAMMING\HOTEL_BSI\hotels_bsi\system\CodeIgniter.php(932): App\Controllers\Auth->login()
#8 D:\PROGRAMMING\HOTEL_BSI\hotels_bsi\system\CodeIgniter.php(497): CodeIgniter\CodeIgniter->runController(Object(App\Controllers\Auth))
#9 D:\PROGRAMMING\HOTEL_BSI\hotels_bsi\system\CodeIgniter.php(366): CodeIgniter\CodeIgniter->handleRequest(NULL, Object(Config\Cache), false)
#10 D:\PROGRAMMING\HOTEL_BSI\hotels_bsi\public\index.php(67): CodeIgniter\CodeIgniter->run()
#11 D:\PROGRAMMING\HOTEL_BSI\hotels_bsi\system\Commands\Server\rewrite.php(47): require_once('D:\\PROGRAMMING\\...')
#12 {main}
CRITICAL - 2023-06-18 11:32:16 --> You have an error in your SQL syntax; check the manual that corresponds to your MariaDB server version for the right syntax to use near '1, 2) VALUES (:1:, :2:)' at line 1
in SYSTEMPATH\Database\MySQLi\Connection.php on line 295.
 1 SYSTEMPATH\Database\MySQLi\Connection.php(295): mysqli->query('INSERT INTO `user` (1, 2) VALUES (:1:, :2:)', 0)
 2 SYSTEMPATH\Database\BaseConnection.php(692): CodeIgniter\Database\MySQLi\Connection->execute('INSERT INTO `user` (1, 2) VALUES (:1:, :2:)')
 3 SYSTEMPATH\Database\BaseConnection.php(606): CodeIgniter\Database\BaseConnection->simpleQuery('INSERT INTO `user` (1, 2) VALUES (:1:, :2:)')
 4 SYSTEMPATH\Database\BaseBuilder.php(2309): CodeIgniter\Database\BaseConnection->query('INSERT INTO `user` (1, 2) VALUES (:1:, :2:)', [...], false)
 5 APPPATH\Models\UserModel.php(51): CodeIgniter\Database\BaseBuilder->insert([...])
 6 APPPATH\Controllers\Auth.php(83): App\Models\UserModel->insert_user([...])
 7 APPPATH\Controllers\Auth.php(24): App\Controllers\Auth->manual_add_user()
 8 SYSTEMPATH\CodeIgniter.php(932): App\Controllers\Auth->login()
 9 SYSTEMPATH\CodeIgniter.php(497): CodeIgniter\CodeIgniter->runController(Object(App\Controllers\Auth))
10 SYSTEMPATH\CodeIgniter.php(366): CodeIgniter\CodeIgniter->handleRequest(null, Object(Config\Cache), false)
11 FCPATH\index.php(67): CodeIgniter\CodeIgniter->run()
12 SYSTEMPATH\Commands\Server\rewrite.php(47): require_once('D:\\PROGRAMMING\\HOTEL_BSI\\hotels_bsi\\public\\index.php')
ERROR - 2023-06-18 11:32:17 --> mysqli_sql_exception: You have an error in your SQL syntax; check the manual that corresponds to your MariaDB server version for the right syntax to use near '1, 2) VALUES (:1:, :2:)' at line 1 in D:\PROGRAMMING\HOTEL_BSI\hotels_bsi\system\Database\MySQLi\Connection.php:295
Stack trace:
#0 D:\PROGRAMMING\HOTEL_BSI\hotels_bsi\system\Database\MySQLi\Connection.php(295): mysqli->query('INSERT INTO `us...', 0)
#1 D:\PROGRAMMING\HOTEL_BSI\hotels_bsi\system\Database\BaseConnection.php(692): CodeIgniter\Database\MySQLi\Connection->execute('INSERT INTO `us...')
#2 D:\PROGRAMMING\HOTEL_BSI\hotels_bsi\system\Database\BaseConnection.php(606): CodeIgniter\Database\BaseConnection->simpleQuery('INSERT INTO `us...')
#3 D:\PROGRAMMING\HOTEL_BSI\hotels_bsi\system\Database\BaseBuilder.php(2309): CodeIgniter\Database\BaseConnection->query('INSERT INTO `us...', Array, false)
#4 D:\PROGRAMMING\HOTEL_BSI\hotels_bsi\app\Models\UserModel.php(51): CodeIgniter\Database\BaseBuilder->insert(Array)
#5 D:\PROGRAMMING\HOTEL_BSI\hotels_bsi\app\Controllers\Auth.php(83): App\Models\UserModel->insert_user(Array)
#6 D:\PROGRAMMING\HOTEL_BSI\hotels_bsi\app\Controllers\Auth.php(24): App\Controllers\Auth->manual_add_user()
#7 D:\PROGRAMMING\HOTEL_BSI\hotels_bsi\system\CodeIgniter.php(932): App\Controllers\Auth->login()
#8 D:\PROGRAMMING\HOTEL_BSI\hotels_bsi\system\CodeIgniter.php(497): CodeIgniter\CodeIgniter->runController(Object(App\Controllers\Auth))
#9 D:\PROGRAMMING\HOTEL_BSI\hotels_bsi\system\CodeIgniter.php(366): CodeIgniter\CodeIgniter->handleRequest(NULL, Object(Config\Cache), false)
#10 D:\PROGRAMMING\HOTEL_BSI\hotels_bsi\public\index.php(67): CodeIgniter\CodeIgniter->run()
#11 D:\PROGRAMMING\HOTEL_BSI\hotels_bsi\system\Commands\Server\rewrite.php(47): require_once('D:\\PROGRAMMING\\...')
#12 {main}
CRITICAL - 2023-06-18 11:32:17 --> You have an error in your SQL syntax; check the manual that corresponds to your MariaDB server version for the right syntax to use near '1, 2) VALUES (:1:, :2:)' at line 1
in SYSTEMPATH\Database\MySQLi\Connection.php on line 295.
 1 SYSTEMPATH\Database\MySQLi\Connection.php(295): mysqli->query('INSERT INTO `user` (1, 2) VALUES (:1:, :2:)', 0)
 2 SYSTEMPATH\Database\BaseConnection.php(692): CodeIgniter\Database\MySQLi\Connection->execute('INSERT INTO `user` (1, 2) VALUES (:1:, :2:)')
 3 SYSTEMPATH\Database\BaseConnection.php(606): CodeIgniter\Database\BaseConnection->simpleQuery('INSERT INTO `user` (1, 2) VALUES (:1:, :2:)')
 4 SYSTEMPATH\Database\BaseBuilder.php(2309): CodeIgniter\Database\BaseConnection->query('INSERT INTO `user` (1, 2) VALUES (:1:, :2:)', [...], false)
 5 APPPATH\Models\UserModel.php(51): CodeIgniter\Database\BaseBuilder->insert([...])
 6 APPPATH\Controllers\Auth.php(83): App\Models\UserModel->insert_user([...])
 7 APPPATH\Controllers\Auth.php(24): App\Controllers\Auth->manual_add_user()
 8 SYSTEMPATH\CodeIgniter.php(932): App\Controllers\Auth->login()
 9 SYSTEMPATH\CodeIgniter.php(497): CodeIgniter\CodeIgniter->runController(Object(App\Controllers\Auth))
10 SYSTEMPATH\CodeIgniter.php(366): CodeIgniter\CodeIgniter->handleRequest(null, Object(Config\Cache), false)
11 FCPATH\index.php(67): CodeIgniter\CodeIgniter->run()
12 SYSTEMPATH\Commands\Server\rewrite.php(47): require_once('D:\\PROGRAMMING\\HOTEL_BSI\\hotels_bsi\\public\\index.php')
ERROR - 2023-06-18 11:32:17 --> mysqli_sql_exception: You have an error in your SQL syntax; check the manual that corresponds to your MariaDB server version for the right syntax to use near '1, 2) VALUES (:1:, :2:)' at line 1 in D:\PROGRAMMING\HOTEL_BSI\hotels_bsi\system\Database\MySQLi\Connection.php:295
Stack trace:
#0 D:\PROGRAMMING\HOTEL_BSI\hotels_bsi\system\Database\MySQLi\Connection.php(295): mysqli->query('INSERT INTO `us...', 0)
#1 D:\PROGRAMMING\HOTEL_BSI\hotels_bsi\system\Database\BaseConnection.php(692): CodeIgniter\Database\MySQLi\Connection->execute('INSERT INTO `us...')
#2 D:\PROGRAMMING\HOTEL_BSI\hotels_bsi\system\Database\BaseConnection.php(606): CodeIgniter\Database\BaseConnection->simpleQuery('INSERT INTO `us...')
#3 D:\PROGRAMMING\HOTEL_BSI\hotels_bsi\system\Database\BaseBuilder.php(2309): CodeIgniter\Database\BaseConnection->query('INSERT INTO `us...', Array, false)
#4 D:\PROGRAMMING\HOTEL_BSI\hotels_bsi\app\Models\UserModel.php(51): CodeIgniter\Database\BaseBuilder->insert(Array)
#5 D:\PROGRAMMING\HOTEL_BSI\hotels_bsi\app\Controllers\Auth.php(83): App\Models\UserModel->insert_user(Array)
#6 D:\PROGRAMMING\HOTEL_BSI\hotels_bsi\app\Controllers\Auth.php(24): App\Controllers\Auth->manual_add_user()
#7 D:\PROGRAMMING\HOTEL_BSI\hotels_bsi\system\CodeIgniter.php(932): App\Controllers\Auth->login()
#8 D:\PROGRAMMING\HOTEL_BSI\hotels_bsi\system\CodeIgniter.php(497): CodeIgniter\CodeIgniter->runController(Object(App\Controllers\Auth))
#9 D:\PROGRAMMING\HOTEL_BSI\hotels_bsi\system\CodeIgniter.php(366): CodeIgniter\CodeIgniter->handleRequest(NULL, Object(Config\Cache), false)
#10 D:\PROGRAMMING\HOTEL_BSI\hotels_bsi\public\index.php(67): CodeIgniter\CodeIgniter->run()
#11 D:\PROGRAMMING\HOTEL_BSI\hotels_bsi\system\Commands\Server\rewrite.php(47): require_once('D:\\PROGRAMMING\\...')
#12 {main}
CRITICAL - 2023-06-18 11:32:17 --> You have an error in your SQL syntax; check the manual that corresponds to your MariaDB server version for the right syntax to use near '1, 2) VALUES (:1:, :2:)' at line 1
in SYSTEMPATH\Database\MySQLi\Connection.php on line 295.
 1 SYSTEMPATH\Database\MySQLi\Connection.php(295): mysqli->query('INSERT INTO `user` (1, 2) VALUES (:1:, :2:)', 0)
 2 SYSTEMPATH\Database\BaseConnection.php(692): CodeIgniter\Database\MySQLi\Connection->execute('INSERT INTO `user` (1, 2) VALUES (:1:, :2:)')
 3 SYSTEMPATH\Database\BaseConnection.php(606): CodeIgniter\Database\BaseConnection->simpleQuery('INSERT INTO `user` (1, 2) VALUES (:1:, :2:)')
 4 SYSTEMPATH\Database\BaseBuilder.php(2309): CodeIgniter\Database\BaseConnection->query('INSERT INTO `user` (1, 2) VALUES (:1:, :2:)', [...], false)
 5 APPPATH\Models\UserModel.php(51): CodeIgniter\Database\BaseBuilder->insert([...])
 6 APPPATH\Controllers\Auth.php(83): App\Models\UserModel->insert_user([...])
 7 APPPATH\Controllers\Auth.php(24): App\Controllers\Auth->manual_add_user()
 8 SYSTEMPATH\CodeIgniter.php(932): App\Controllers\Auth->login()
 9 SYSTEMPATH\CodeIgniter.php(497): CodeIgniter\CodeIgniter->runController(Object(App\Controllers\Auth))
10 SYSTEMPATH\CodeIgniter.php(366): CodeIgniter\CodeIgniter->handleRequest(null, Object(Config\Cache), false)
11 FCPATH\index.php(67): CodeIgniter\CodeIgniter->run()
12 SYSTEMPATH\Commands\Server\rewrite.php(47): require_once('D:\\PROGRAMMING\\HOTEL_BSI\\hotels_bsi\\public\\index.php')
ERROR - 2023-06-18 11:32:18 --> mysqli_sql_exception: You have an error in your SQL syntax; check the manual that corresponds to your MariaDB server version for the right syntax to use near '1, 2) VALUES (:1:, :2:)' at line 1 in D:\PROGRAMMING\HOTEL_BSI\hotels_bsi\system\Database\MySQLi\Connection.php:295
Stack trace:
#0 D:\PROGRAMMING\HOTEL_BSI\hotels_bsi\system\Database\MySQLi\Connection.php(295): mysqli->query('INSERT INTO `us...', 0)
#1 D:\PROGRAMMING\HOTEL_BSI\hotels_bsi\system\Database\BaseConnection.php(692): CodeIgniter\Database\MySQLi\Connection->execute('INSERT INTO `us...')
#2 D:\PROGRAMMING\HOTEL_BSI\hotels_bsi\system\Database\BaseConnection.php(606): CodeIgniter\Database\BaseConnection->simpleQuery('INSERT INTO `us...')
#3 D:\PROGRAMMING\HOTEL_BSI\hotels_bsi\system\Database\BaseBuilder.php(2309): CodeIgniter\Database\BaseConnection->query('INSERT INTO `us...', Array, false)
#4 D:\PROGRAMMING\HOTEL_BSI\hotels_bsi\app\Models\UserModel.php(51): CodeIgniter\Database\BaseBuilder->insert(Array)
#5 D:\PROGRAMMING\HOTEL_BSI\hotels_bsi\app\Controllers\Auth.php(83): App\Models\UserModel->insert_user(Array)
#6 D:\PROGRAMMING\HOTEL_BSI\hotels_bsi\app\Controllers\Auth.php(24): App\Controllers\Auth->manual_add_user()
#7 D:\PROGRAMMING\HOTEL_BSI\hotels_bsi\system\CodeIgniter.php(932): App\Controllers\Auth->login()
#8 D:\PROGRAMMING\HOTEL_BSI\hotels_bsi\system\CodeIgniter.php(497): CodeIgniter\CodeIgniter->runController(Object(App\Controllers\Auth))
#9 D:\PROGRAMMING\HOTEL_BSI\hotels_bsi\system\CodeIgniter.php(366): CodeIgniter\CodeIgniter->handleRequest(NULL, Object(Config\Cache), false)
#10 D:\PROGRAMMING\HOTEL_BSI\hotels_bsi\public\index.php(67): CodeIgniter\CodeIgniter->run()
#11 D:\PROGRAMMING\HOTEL_BSI\hotels_bsi\system\Commands\Server\rewrite.php(47): require_once('D:\\PROGRAMMING\\...')
#12 {main}
CRITICAL - 2023-06-18 11:32:18 --> You have an error in your SQL syntax; check the manual that corresponds to your MariaDB server version for the right syntax to use near '1, 2) VALUES (:1:, :2:)' at line 1
in SYSTEMPATH\Database\MySQLi\Connection.php on line 295.
 1 SYSTEMPATH\Database\MySQLi\Connection.php(295): mysqli->query('INSERT INTO `user` (1, 2) VALUES (:1:, :2:)', 0)
 2 SYSTEMPATH\Database\BaseConnection.php(692): CodeIgniter\Database\MySQLi\Connection->execute('INSERT INTO `user` (1, 2) VALUES (:1:, :2:)')
 3 SYSTEMPATH\Database\BaseConnection.php(606): CodeIgniter\Database\BaseConnection->simpleQuery('INSERT INTO `user` (1, 2) VALUES (:1:, :2:)')
 4 SYSTEMPATH\Database\BaseBuilder.php(2309): CodeIgniter\Database\BaseConnection->query('INSERT INTO `user` (1, 2) VALUES (:1:, :2:)', [...], false)
 5 APPPATH\Models\UserModel.php(51): CodeIgniter\Database\BaseBuilder->insert([...])
 6 APPPATH\Controllers\Auth.php(83): App\Models\UserModel->insert_user([...])
 7 APPPATH\Controllers\Auth.php(24): App\Controllers\Auth->manual_add_user()
 8 SYSTEMPATH\CodeIgniter.php(932): App\Controllers\Auth->login()
 9 SYSTEMPATH\CodeIgniter.php(497): CodeIgniter\CodeIgniter->runController(Object(App\Controllers\Auth))
10 SYSTEMPATH\CodeIgniter.php(366): CodeIgniter\CodeIgniter->handleRequest(null, Object(Config\Cache), false)
11 FCPATH\index.php(67): CodeIgniter\CodeIgniter->run()
12 SYSTEMPATH\Commands\Server\rewrite.php(47): require_once('D:\\PROGRAMMING\\HOTEL_BSI\\hotels_bsi\\public\\index.php')
ERROR - 2023-06-18 11:32:19 --> mysqli_sql_exception: You have an error in your SQL syntax; check the manual that corresponds to your MariaDB server version for the right syntax to use near '1, 2) VALUES (:1:, :2:)' at line 1 in D:\PROGRAMMING\HOTEL_BSI\hotels_bsi\system\Database\MySQLi\Connection.php:295
Stack trace:
#0 D:\PROGRAMMING\HOTEL_BSI\hotels_bsi\system\Database\MySQLi\Connection.php(295): mysqli->query('INSERT INTO `us...', 0)
#1 D:\PROGRAMMING\HOTEL_BSI\hotels_bsi\system\Database\BaseConnection.php(692): CodeIgniter\Database\MySQLi\Connection->execute('INSERT INTO `us...')
#2 D:\PROGRAMMING\HOTEL_BSI\hotels_bsi\system\Database\BaseConnection.php(606): CodeIgniter\Database\BaseConnection->simpleQuery('INSERT INTO `us...')
#3 D:\PROGRAMMING\HOTEL_BSI\hotels_bsi\system\Database\BaseBuilder.php(2309): CodeIgniter\Database\BaseConnection->query('INSERT INTO `us...', Array, false)
#4 D:\PROGRAMMING\HOTEL_BSI\hotels_bsi\app\Models\UserModel.php(51): CodeIgniter\Database\BaseBuilder->insert(Array)
#5 D:\PROGRAMMING\HOTEL_BSI\hotels_bsi\app\Controllers\Auth.php(83): App\Models\UserModel->insert_user(Array)
#6 D:\PROGRAMMING\HOTEL_BSI\hotels_bsi\app\Controllers\Auth.php(24): App\Controllers\Auth->manual_add_user()
#7 D:\PROGRAMMING\HOTEL_BSI\hotels_bsi\system\CodeIgniter.php(932): App\Controllers\Auth->login()
#8 D:\PROGRAMMING\HOTEL_BSI\hotels_bsi\system\CodeIgniter.php(497): CodeIgniter\CodeIgniter->runController(Object(App\Controllers\Auth))
#9 D:\PROGRAMMING\HOTEL_BSI\hotels_bsi\system\CodeIgniter.php(366): CodeIgniter\CodeIgniter->handleRequest(NULL, Object(Config\Cache), false)
#10 D:\PROGRAMMING\HOTEL_BSI\hotels_bsi\public\index.php(67): CodeIgniter\CodeIgniter->run()
#11 D:\PROGRAMMING\HOTEL_BSI\hotels_bsi\system\Commands\Server\rewrite.php(47): require_once('D:\\PROGRAMMING\\...')
#12 {main}
CRITICAL - 2023-06-18 11:32:19 --> You have an error in your SQL syntax; check the manual that corresponds to your MariaDB server version for the right syntax to use near '1, 2) VALUES (:1:, :2:)' at line 1
in SYSTEMPATH\Database\MySQLi\Connection.php on line 295.
 1 SYSTEMPATH\Database\MySQLi\Connection.php(295): mysqli->query('INSERT INTO `user` (1, 2) VALUES (:1:, :2:)', 0)
 2 SYSTEMPATH\Database\BaseConnection.php(692): CodeIgniter\Database\MySQLi\Connection->execute('INSERT INTO `user` (1, 2) VALUES (:1:, :2:)')
 3 SYSTEMPATH\Database\BaseConnection.php(606): CodeIgniter\Database\BaseConnection->simpleQuery('INSERT INTO `user` (1, 2) VALUES (:1:, :2:)')
 4 SYSTEMPATH\Database\BaseBuilder.php(2309): CodeIgniter\Database\BaseConnection->query('INSERT INTO `user` (1, 2) VALUES (:1:, :2:)', [...], false)
 5 APPPATH\Models\UserModel.php(51): CodeIgniter\Database\BaseBuilder->insert([...])
 6 APPPATH\Controllers\Auth.php(83): App\Models\UserModel->insert_user([...])
 7 APPPATH\Controllers\Auth.php(24): App\Controllers\Auth->manual_add_user()
 8 SYSTEMPATH\CodeIgniter.php(932): App\Controllers\Auth->login()
 9 SYSTEMPATH\CodeIgniter.php(497): CodeIgniter\CodeIgniter->runController(Object(App\Controllers\Auth))
10 SYSTEMPATH\CodeIgniter.php(366): CodeIgniter\CodeIgniter->handleRequest(null, Object(Config\Cache), false)
11 FCPATH\index.php(67): CodeIgniter\CodeIgniter->run()
12 SYSTEMPATH\Commands\Server\rewrite.php(47): require_once('D:\\PROGRAMMING\\HOTEL_BSI\\hotels_bsi\\public\\index.php')
ERROR - 2023-06-18 11:33:08 --> mysqli_sql_exception: You have an error in your SQL syntax; check the manual that corresponds to your MariaDB server version for the right syntax to use near '1, 2) VALUES (:1:, :2:)' at line 1 in D:\PROGRAMMING\HOTEL_BSI\hotels_bsi\system\Database\MySQLi\Connection.php:295
Stack trace:
#0 D:\PROGRAMMING\HOTEL_BSI\hotels_bsi\system\Database\MySQLi\Connection.php(295): mysqli->query('INSERT INTO `us...', 0)
#1 D:\PROGRAMMING\HOTEL_BSI\hotels_bsi\system\Database\BaseConnection.php(692): CodeIgniter\Database\MySQLi\Connection->execute('INSERT INTO `us...')
#2 D:\PROGRAMMING\HOTEL_BSI\hotels_bsi\system\Database\BaseConnection.php(606): CodeIgniter\Database\BaseConnection->simpleQuery('INSERT INTO `us...')
#3 D:\PROGRAMMING\HOTEL_BSI\hotels_bsi\system\Database\BaseBuilder.php(2309): CodeIgniter\Database\BaseConnection->query('INSERT INTO `us...', Array, false)
#4 D:\PROGRAMMING\HOTEL_BSI\hotels_bsi\app\Models\UserModel.php(51): CodeIgniter\Database\BaseBuilder->insert(Array)
#5 D:\PROGRAMMING\HOTEL_BSI\hotels_bsi\app\Controllers\Auth.php(83): App\Models\UserModel->insert_user(Array)
#6 D:\PROGRAMMING\HOTEL_BSI\hotels_bsi\app\Controllers\Auth.php(24): App\Controllers\Auth->manual_add_user()
#7 D:\PROGRAMMING\HOTEL_BSI\hotels_bsi\system\CodeIgniter.php(932): App\Controllers\Auth->login()
#8 D:\PROGRAMMING\HOTEL_BSI\hotels_bsi\system\CodeIgniter.php(497): CodeIgniter\CodeIgniter->runController(Object(App\Controllers\Auth))
#9 D:\PROGRAMMING\HOTEL_BSI\hotels_bsi\system\CodeIgniter.php(366): CodeIgniter\CodeIgniter->handleRequest(NULL, Object(Config\Cache), false)
#10 D:\PROGRAMMING\HOTEL_BSI\hotels_bsi\public\index.php(67): CodeIgniter\CodeIgniter->run()
#11 D:\PROGRAMMING\HOTEL_BSI\hotels_bsi\system\Commands\Server\rewrite.php(47): require_once('D:\\PROGRAMMING\\...')
#12 {main}
CRITICAL - 2023-06-18 11:33:08 --> You have an error in your SQL syntax; check the manual that corresponds to your MariaDB server version for the right syntax to use near '1, 2) VALUES (:1:, :2:)' at line 1
in SYSTEMPATH\Database\MySQLi\Connection.php on line 295.
 1 SYSTEMPATH\Database\MySQLi\Connection.php(295): mysqli->query('INSERT INTO `user` (1, 2) VALUES (:1:, :2:)', 0)
 2 SYSTEMPATH\Database\BaseConnection.php(692): CodeIgniter\Database\MySQLi\Connection->execute('INSERT INTO `user` (1, 2) VALUES (:1:, :2:)')
 3 SYSTEMPATH\Database\BaseConnection.php(606): CodeIgniter\Database\BaseConnection->simpleQuery('INSERT INTO `user` (1, 2) VALUES (:1:, :2:)')
 4 SYSTEMPATH\Database\BaseBuilder.php(2309): CodeIgniter\Database\BaseConnection->query('INSERT INTO `user` (1, 2) VALUES (:1:, :2:)', [...], false)
 5 APPPATH\Models\UserModel.php(51): CodeIgniter\Database\BaseBuilder->insert([...])
 6 APPPATH\Controllers\Auth.php(83): App\Models\UserModel->insert_user([...])
 7 APPPATH\Controllers\Auth.php(24): App\Controllers\Auth->manual_add_user()
 8 SYSTEMPATH\CodeIgniter.php(932): App\Controllers\Auth->login()
 9 SYSTEMPATH\CodeIgniter.php(497): CodeIgniter\CodeIgniter->runController(Object(App\Controllers\Auth))
10 SYSTEMPATH\CodeIgniter.php(366): CodeIgniter\CodeIgniter->handleRequest(null, Object(Config\Cache), false)
11 FCPATH\index.php(67): CodeIgniter\CodeIgniter->run()
12 SYSTEMPATH\Commands\Server\rewrite.php(47): require_once('D:\\PROGRAMMING\\HOTEL_BSI\\hotels_bsi\\public\\index.php')
INFO - 2023-06-18 11:33:54 --> Session: Class initialized using 'CodeIgniter\Session\Handlers\FileHandler' driver.
INFO - 2023-06-18 11:34:38 --> Session: Class initialized using 'CodeIgniter\Session\Handlers\FileHandler' driver.
INFO - 2023-06-18 11:34:49 --> Session: Class initialized using 'CodeIgniter\Session\Handlers\FileHandler' driver.
INFO - 2023-06-18 11:43:47 --> Session: Class initialized using 'CodeIgniter\Session\Handlers\FileHandler' driver.
INFO - 2023-06-18 11:43:52 --> Session: Class initialized using 'CodeIgniter\Session\Handlers\FileHandler' driver.
CRITICAL - 2023-06-18 11:43:52 --> Class "App\Controllers\UserModel" not found
in APPPATH\Controllers\Home.php on line 10.
 1 SYSTEMPATH\CodeIgniter.php(904): App\Controllers\Home->__construct()
 2 SYSTEMPATH\CodeIgniter.php(488): CodeIgniter\CodeIgniter->createController()
 3 SYSTEMPATH\CodeIgniter.php(366): CodeIgniter\CodeIgniter->handleRequest(null, Object(Config\Cache), false)
 4 FCPATH\index.php(67): CodeIgniter\CodeIgniter->run()
 5 SYSTEMPATH\Commands\Server\rewrite.php(47): require_once('D:\\PROGRAMMING\\HOTEL_BSI\\hotels_bsi\\public\\index.php')
INFO - 2023-06-18 11:44:11 --> Session: Class initialized using 'CodeIgniter\Session\Handlers\FileHandler' driver.
CRITICAL - 2023-06-18 11:44:11 --> Invalid file: "layout/main.php"
in SYSTEMPATH\Exceptions\FrameworkException.php on line 33.
 1 SYSTEMPATH\View\View.php(212): CodeIgniter\Exceptions\FrameworkException::forInvalidFile('layout/main.php')
 2 SYSTEMPATH\View\View.php(240): CodeIgniter\View\View->render('layout/main', [], true)
 3 SYSTEMPATH\Common.php(1180): CodeIgniter\View\View->render('home/admin_home', [], true)
 4 APPPATH\Controllers\Home.php(26): view('home/admin_home', [...])
 5 SYSTEMPATH\CodeIgniter.php(932): App\Controllers\Home->index()
 6 SYSTEMPATH\CodeIgniter.php(497): CodeIgniter\CodeIgniter->runController(Object(App\Controllers\Home))
 7 SYSTEMPATH\CodeIgniter.php(366): CodeIgniter\CodeIgniter->handleRequest(null, Object(Config\Cache), false)
 8 FCPATH\index.php(67): CodeIgniter\CodeIgniter->run()
 9 SYSTEMPATH\Commands\Server\rewrite.php(47): require_once('D:\\PROGRAMMING\\HOTEL_BSI\\hotels_bsi\\public\\index.php')
INFO - 2023-06-18 11:44:12 --> Session: Class initialized using 'CodeIgniter\Session\Handlers\FileHandler' driver.
CRITICAL - 2023-06-18 11:44:12 --> Invalid file: "layout/main.php"
in SYSTEMPATH\Exceptions\FrameworkException.php on line 33.
 1 SYSTEMPATH\View\View.php(212): CodeIgniter\Exceptions\FrameworkException::forInvalidFile('layout/main.php')
 2 SYSTEMPATH\View\View.php(240): CodeIgniter\View\View->render('layout/main', [], true)
 3 SYSTEMPATH\Common.php(1180): CodeIgniter\View\View->render('home/admin_home', [], true)
 4 APPPATH\Controllers\Home.php(26): view('home/admin_home', [...])
 5 SYSTEMPATH\CodeIgniter.php(932): App\Controllers\Home->index()
 6 SYSTEMPATH\CodeIgniter.php(497): CodeIgniter\CodeIgniter->runController(Object(App\Controllers\Home))
 7 SYSTEMPATH\CodeIgniter.php(366): CodeIgniter\CodeIgniter->handleRequest(null, Object(Config\Cache), false)
 8 FCPATH\index.php(67): CodeIgniter\CodeIgniter->run()
 9 SYSTEMPATH\Commands\Server\rewrite.php(47): require_once('D:\\PROGRAMMING\\HOTEL_BSI\\hotels_bsi\\public\\index.php')
INFO - 2023-06-18 11:44:13 --> Session: Class initialized using 'CodeIgniter\Session\Handlers\FileHandler' driver.
CRITICAL - 2023-06-18 11:44:13 --> Invalid file: "layout/main.php"
in SYSTEMPATH\Exceptions\FrameworkException.php on line 33.
 1 SYSTEMPATH\View\View.php(212): CodeIgniter\Exceptions\FrameworkException::forInvalidFile('layout/main.php')
 2 SYSTEMPATH\View\View.php(240): CodeIgniter\View\View->render('layout/main', [], true)
 3 SYSTEMPATH\Common.php(1180): CodeIgniter\View\View->render('home/admin_home', [], true)
 4 APPPATH\Controllers\Home.php(26): view('home/admin_home', [...])
 5 SYSTEMPATH\CodeIgniter.php(932): App\Controllers\Home->index()
 6 SYSTEMPATH\CodeIgniter.php(497): CodeIgniter\CodeIgniter->runController(Object(App\Controllers\Home))
 7 SYSTEMPATH\CodeIgniter.php(366): CodeIgniter\CodeIgniter->handleRequest(null, Object(Config\Cache), false)
 8 FCPATH\index.php(67): CodeIgniter\CodeIgniter->run()
 9 SYSTEMPATH\Commands\Server\rewrite.php(47): require_once('D:\\PROGRAMMING\\HOTEL_BSI\\hotels_bsi\\public\\index.php')
INFO - 2023-06-18 11:44:46 --> Session: Class initialized using 'CodeIgniter\Session\Handlers\FileHandler' driver.
INFO - 2023-06-18 11:45:48 --> Session: Class initialized using 'CodeIgniter\Session\Handlers\FileHandler' driver.
INFO - 2023-06-18 11:45:53 --> Session: Class initialized using 'CodeIgniter\Session\Handlers\FileHandler' driver.
INFO - 2023-06-18 11:45:53 --> Session: Class initialized using 'CodeIgniter\Session\Handlers\FileHandler' driver.
INFO - 2023-06-18 11:46:01 --> Session: Class initialized using 'CodeIgniter\Session\Handlers\FileHandler' driver.
INFO - 2023-06-18 11:46:01 --> Session: Class initialized using 'CodeIgniter\Session\Handlers\FileHandler' driver.
INFO - 2023-06-18 11:46:19 --> Session: Class initialized using 'CodeIgniter\Session\Handlers\FileHandler' driver.
INFO - 2023-06-18 11:48:55 --> Session: Class initialized using 'CodeIgniter\Session\Handlers\FileHandler' driver.
INFO - 2023-06-18 11:49:01 --> Session: Class initialized using 'CodeIgniter\Session\Handlers\FileHandler' driver.
INFO - 2023-06-18 11:49:06 --> Session: Class initialized using 'CodeIgniter\Session\Handlers\FileHandler' driver.
INFO - 2023-06-18 11:49:10 --> Session: Class initialized using 'CodeIgniter\Session\Handlers\FileHandler' driver.
INFO - 2023-06-18 11:49:15 --> Session: Class initialized using 'CodeIgniter\Session\Handlers\FileHandler' driver.
INFO - 2023-06-18 11:51:52 --> Session: Class initialized using 'CodeIgniter\Session\Handlers\FileHandler' driver.
CRITICAL - 2023-06-18 11:51:58 --> Invalid file: "user/data_user.php"
in SYSTEMPATH\Exceptions\FrameworkException.php on line 33.
 1 SYSTEMPATH\View\View.php(212): CodeIgniter\Exceptions\FrameworkException::forInvalidFile('user/data_user.php')
 2 SYSTEMPATH\Common.php(1180): CodeIgniter\View\View->render('user/data_user', [], true)
 3 APPPATH\Controllers\User.php(25): view('user/data_user', [...])
 4 SYSTEMPATH\CodeIgniter.php(932): App\Controllers\User->index()
 5 SYSTEMPATH\CodeIgniter.php(497): CodeIgniter\CodeIgniter->runController(Object(App\Controllers\User))
 6 SYSTEMPATH\CodeIgniter.php(366): CodeIgniter\CodeIgniter->handleRequest(null, Object(Config\Cache), false)
 7 FCPATH\index.php(67): CodeIgniter\CodeIgniter->run()
 8 SYSTEMPATH\Commands\Server\rewrite.php(47): require_once('D:\\PROGRAMMING\\HOTEL_BSI\\hotels_bsi\\public\\index.php')
CRITICAL - 2023-06-18 11:52:45 --> Undefined array key "id"
in APPPATH\Views\user\modal_edit.php on line 3.
 1 APPPATH\Views\user\modal_edit.php(3): CodeIgniter\Debug\Exceptions->errorHandler(2, 'Undefined array key "id"', 'D:\\PROGRAMMING\\HOTEL_BSI\\hotels_bsi\\app\\Views\\user\\modal_edit.php', 3)
 2 SYSTEMPATH\View\View.php(224): include('D:\\PROGRAMMING\\HOTEL_BSI\\hotels_bsi\\app\\Views\\user\\modal_edit.php')
 3 SYSTEMPATH\View\View.php(227): CodeIgniter\View\View->CodeIgniter\View\{closure}()
 4 SYSTEMPATH\View\View.php(452): CodeIgniter\View\View->render('user/modal_edit', null, true)
 5 APPPATH\Views\user\data_user.php(40): CodeIgniter\View\View->include('user/modal_edit')
 6 SYSTEMPATH\View\View.php(224): include('D:\\PROGRAMMING\\HOTEL_BSI\\hotels_bsi\\app\\Views\\user\\data_user.php')
 7 SYSTEMPATH\View\View.php(227): CodeIgniter\View\View->CodeIgniter\View\{closure}()
 8 SYSTEMPATH\Common.php(1180): CodeIgniter\View\View->render('user/data_user', [], true)
 9 APPPATH\Controllers\User.php(25): view('user/data_user', [...])
10 SYSTEMPATH\CodeIgniter.php(932): App\Controllers\User->index()
11 SYSTEMPATH\CodeIgniter.php(497): CodeIgniter\CodeIgniter->runController(Object(App\Controllers\User))
12 SYSTEMPATH\CodeIgniter.php(366): CodeIgniter\CodeIgniter->handleRequest(null, Object(Config\Cache), false)
13 FCPATH\index.php(67): CodeIgniter\CodeIgniter->run()
14 SYSTEMPATH\Commands\Server\rewrite.php(47): require_once('D:\\PROGRAMMING\\HOTEL_BSI\\hotels_bsi\\public\\index.php')
CRITICAL - 2023-06-18 11:52:47 --> Undefined array key "id"
in APPPATH\Views\user\modal_edit.php on line 3.
 1 APPPATH\Views\user\modal_edit.php(3): CodeIgniter\Debug\Exceptions->errorHandler(2, 'Undefined array key "id"', 'D:\\PROGRAMMING\\HOTEL_BSI\\hotels_bsi\\app\\Views\\user\\modal_edit.php', 3)
 2 SYSTEMPATH\View\View.php(224): include('D:\\PROGRAMMING\\HOTEL_BSI\\hotels_bsi\\app\\Views\\user\\modal_edit.php')
 3 SYSTEMPATH\View\View.php(227): CodeIgniter\View\View->CodeIgniter\View\{closure}()
 4 SYSTEMPATH\View\View.php(452): CodeIgniter\View\View->render('user/modal_edit', null, true)
 5 APPPATH\Views\user\data_user.php(40): CodeIgniter\View\View->include('user/modal_edit')
 6 SYSTEMPATH\View\View.php(224): include('D:\\PROGRAMMING\\HOTEL_BSI\\hotels_bsi\\app\\Views\\user\\data_user.php')
 7 SYSTEMPATH\View\View.php(227): CodeIgniter\View\View->CodeIgniter\View\{closure}()
 8 SYSTEMPATH\Common.php(1180): CodeIgniter\View\View->render('user/data_user', [], true)
 9 APPPATH\Controllers\User.php(25): view('user/data_user', [...])
10 SYSTEMPATH\CodeIgniter.php(932): App\Controllers\User->index()
11 SYSTEMPATH\CodeIgniter.php(497): CodeIgniter\CodeIgniter->runController(Object(App\Controllers\User))
12 SYSTEMPATH\CodeIgniter.php(366): CodeIgniter\CodeIgniter->handleRequest(null, Object(Config\Cache), false)
13 FCPATH\index.php(67): CodeIgniter\CodeIgniter->run()
14 SYSTEMPATH\Commands\Server\rewrite.php(47): require_once('D:\\PROGRAMMING\\HOTEL_BSI\\hotels_bsi\\public\\index.php')
INFO - 2023-06-18 11:53:05 --> Session: Class initialized using 'CodeIgniter\Session\Handlers\FileHandler' driver.
INFO - 2023-06-18 11:53:09 --> Session: Class initialized using 'CodeIgniter\Session\Handlers\FileHandler' driver.
CRITICAL - 2023-06-18 11:53:13 --> Undefined array key "id"
in APPPATH\Views\user\modal_edit.php on line 3.
 1 APPPATH\Views\user\modal_edit.php(3): CodeIgniter\Debug\Exceptions->errorHandler(2, 'Undefined array key "id"', 'D:\\PROGRAMMING\\HOTEL_BSI\\hotels_bsi\\app\\Views\\user\\modal_edit.php', 3)
 2 SYSTEMPATH\View\View.php(224): include('D:\\PROGRAMMING\\HOTEL_BSI\\hotels_bsi\\app\\Views\\user\\modal_edit.php')
 3 SYSTEMPATH\View\View.php(227): CodeIgniter\View\View->CodeIgniter\View\{closure}()
 4 SYSTEMPATH\View\View.php(452): CodeIgniter\View\View->render('user/modal_edit', null, true)
 5 APPPATH\Views\user\data_user.php(40): CodeIgniter\View\View->include('user/modal_edit')
 6 SYSTEMPATH\View\View.php(224): include('D:\\PROGRAMMING\\HOTEL_BSI\\hotels_bsi\\app\\Views\\user\\data_user.php')
 7 SYSTEMPATH\View\View.php(227): CodeIgniter\View\View->CodeIgniter\View\{closure}()
 8 SYSTEMPATH\Common.php(1180): CodeIgniter\View\View->render('user/data_user', [], true)
 9 APPPATH\Controllers\User.php(25): view('user/data_user', [...])
10 SYSTEMPATH\CodeIgniter.php(932): App\Controllers\User->index()
11 SYSTEMPATH\CodeIgniter.php(497): CodeIgniter\CodeIgniter->runController(Object(App\Controllers\User))
12 SYSTEMPATH\CodeIgniter.php(366): CodeIgniter\CodeIgniter->handleRequest(null, Object(Config\Cache), false)
13 FCPATH\index.php(67): CodeIgniter\CodeIgniter->run()
14 SYSTEMPATH\Commands\Server\rewrite.php(47): require_once('D:\\PROGRAMMING\\HOTEL_BSI\\hotels_bsi\\public\\index.php')
CRITICAL - 2023-06-18 11:53:49 --> Undefined array key "id"
in APPPATH\Views\user\modal_edit.php on line 3.
 1 APPPATH\Views\user\modal_edit.php(3): CodeIgniter\Debug\Exceptions->errorHandler(2, 'Undefined array key "id"', 'D:\\PROGRAMMING\\HOTEL_BSI\\hotels_bsi\\app\\Views\\user\\modal_edit.php', 3)
 2 SYSTEMPATH\View\View.php(224): include('D:\\PROGRAMMING\\HOTEL_BSI\\hotels_bsi\\app\\Views\\user\\modal_edit.php')
 3 SYSTEMPATH\View\View.php(227): CodeIgniter\View\View->CodeIgniter\View\{closure}()
 4 SYSTEMPATH\View\View.php(452): CodeIgniter\View\View->render('user/modal_edit', null, true)
 5 APPPATH\Views\user\data_user.php(40): CodeIgniter\View\View->include('user/modal_edit')
 6 SYSTEMPATH\View\View.php(224): include('D:\\PROGRAMMING\\HOTEL_BSI\\hotels_bsi\\app\\Views\\user\\data_user.php')
 7 SYSTEMPATH\View\View.php(227): CodeIgniter\View\View->CodeIgniter\View\{closure}()
 8 SYSTEMPATH\Common.php(1180): CodeIgniter\View\View->render('user/data_user', [], true)
 9 APPPATH\Controllers\User.php(25): view('user/data_user', [...])
10 SYSTEMPATH\CodeIgniter.php(932): App\Controllers\User->index()
11 SYSTEMPATH\CodeIgniter.php(497): CodeIgniter\CodeIgniter->runController(Object(App\Controllers\User))
12 SYSTEMPATH\CodeIgniter.php(366): CodeIgniter\CodeIgniter->handleRequest(null, Object(Config\Cache), false)
13 FCPATH\index.php(67): CodeIgniter\CodeIgniter->run()
14 SYSTEMPATH\Commands\Server\rewrite.php(47): require_once('D:\\PROGRAMMING\\HOTEL_BSI\\hotels_bsi\\public\\index.php')
CRITICAL - 2023-06-18 11:53:50 --> Undefined array key "id"
in APPPATH\Views\user\modal_edit.php on line 3.
 1 APPPATH\Views\user\modal_edit.php(3): CodeIgniter\Debug\Exceptions->errorHandler(2, 'Undefined array key "id"', 'D:\\PROGRAMMING\\HOTEL_BSI\\hotels_bsi\\app\\Views\\user\\modal_edit.php', 3)
 2 SYSTEMPATH\View\View.php(224): include('D:\\PROGRAMMING\\HOTEL_BSI\\hotels_bsi\\app\\Views\\user\\modal_edit.php')
 3 SYSTEMPATH\View\View.php(227): CodeIgniter\View\View->CodeIgniter\View\{closure}()
 4 SYSTEMPATH\View\View.php(452): CodeIgniter\View\View->render('user/modal_edit', null, true)
 5 APPPATH\Views\user\data_user.php(40): CodeIgniter\View\View->include('user/modal_edit')
 6 SYSTEMPATH\View\View.php(224): include('D:\\PROGRAMMING\\HOTEL_BSI\\hotels_bsi\\app\\Views\\user\\data_user.php')
 7 SYSTEMPATH\View\View.php(227): CodeIgniter\View\View->CodeIgniter\View\{closure}()
 8 SYSTEMPATH\Common.php(1180): CodeIgniter\View\View->render('user/data_user', [], true)
 9 APPPATH\Controllers\User.php(25): view('user/data_user', [...])
10 SYSTEMPATH\CodeIgniter.php(932): App\Controllers\User->index()
11 SYSTEMPATH\CodeIgniter.php(497): CodeIgniter\CodeIgniter->runController(Object(App\Controllers\User))
12 SYSTEMPATH\CodeIgniter.php(366): CodeIgniter\CodeIgniter->handleRequest(null, Object(Config\Cache), false)
13 FCPATH\index.php(67): CodeIgniter\CodeIgniter->run()
14 SYSTEMPATH\Commands\Server\rewrite.php(47): require_once('D:\\PROGRAMMING\\HOTEL_BSI\\hotels_bsi\\public\\index.php')
CRITICAL - 2023-06-18 11:54:01 --> Undefined array key "email"
in APPPATH\Views\user\modal_edit.php on line 28.
 1 APPPATH\Views\user\modal_edit.php(28): CodeIgniter\Debug\Exceptions->errorHandler(2, 'Undefined array key "email"', 'D:\\PROGRAMMING\\HOTEL_BSI\\hotels_bsi\\app\\Views\\user\\modal_edit.php', 28)
 2 SYSTEMPATH\View\View.php(224): include('D:\\PROGRAMMING\\HOTEL_BSI\\hotels_bsi\\app\\Views\\user\\modal_edit.php')
 3 SYSTEMPATH\View\View.php(227): CodeIgniter\View\View->CodeIgniter\View\{closure}()
 4 SYSTEMPATH\View\View.php(452): CodeIgniter\View\View->render('user/modal_edit', null, true)
 5 APPPATH\Views\user\data_user.php(40): CodeIgniter\View\View->include('user/modal_edit')
 6 SYSTEMPATH\View\View.php(224): include('D:\\PROGRAMMING\\HOTEL_BSI\\hotels_bsi\\app\\Views\\user\\data_user.php')
 7 SYSTEMPATH\View\View.php(227): CodeIgniter\View\View->CodeIgniter\View\{closure}()
 8 SYSTEMPATH\Common.php(1180): CodeIgniter\View\View->render('user/data_user', [], true)
 9 APPPATH\Controllers\User.php(25): view('user/data_user', [...])
10 SYSTEMPATH\CodeIgniter.php(932): App\Controllers\User->index()
11 SYSTEMPATH\CodeIgniter.php(497): CodeIgniter\CodeIgniter->runController(Object(App\Controllers\User))
12 SYSTEMPATH\CodeIgniter.php(366): CodeIgniter\CodeIgniter->handleRequest(null, Object(Config\Cache), false)
13 FCPATH\index.php(67): CodeIgniter\CodeIgniter->run()
14 SYSTEMPATH\Commands\Server\rewrite.php(47): require_once('D:\\PROGRAMMING\\HOTEL_BSI\\hotels_bsi\\public\\index.php')
CRITICAL - 2023-06-18 11:54:30 --> Undefined array key "roles"
in APPPATH\Views\user\data_user.php on line 92.
 1 APPPATH\Views\user\data_user.php(92): CodeIgniter\Debug\Exceptions->errorHandler(2, 'Undefined array key "roles"', 'D:\\PROGRAMMING\\HOTEL_BSI\\hotels_bsi\\app\\Views\\user\\data_user.php', 92)
 2 SYSTEMPATH\View\View.php(224): include('D:\\PROGRAMMING\\HOTEL_BSI\\hotels_bsi\\app\\Views\\user\\data_user.php')
 3 SYSTEMPATH\View\View.php(227): CodeIgniter\View\View->CodeIgniter\View\{closure}()
 4 SYSTEMPATH\Common.php(1180): CodeIgniter\View\View->render('user/data_user', [], true)
 5 APPPATH\Controllers\User.php(25): view('user/data_user', [...])
 6 SYSTEMPATH\CodeIgniter.php(932): App\Controllers\User->index()
 7 SYSTEMPATH\CodeIgniter.php(497): CodeIgniter\CodeIgniter->runController(Object(App\Controllers\User))
 8 SYSTEMPATH\CodeIgniter.php(366): CodeIgniter\CodeIgniter->handleRequest(null, Object(Config\Cache), false)
 9 FCPATH\index.php(67): CodeIgniter\CodeIgniter->run()
10 SYSTEMPATH\Commands\Server\rewrite.php(47): require_once('D:\\PROGRAMMING\\HOTEL_BSI\\hotels_bsi\\public\\index.php')
CRITICAL - 2023-06-18 11:55:32 --> Undefined array key "email"
in APPPATH\Views\user\data_user.php on line 97.
 1 APPPATH\Views\user\data_user.php(97): CodeIgniter\Debug\Exceptions->errorHandler(2, 'Undefined array key "email"', 'D:\\PROGRAMMING\\HOTEL_BSI\\hotels_bsi\\app\\Views\\user\\data_user.php', 97)
 2 SYSTEMPATH\View\View.php(224): include('D:\\PROGRAMMING\\HOTEL_BSI\\hotels_bsi\\app\\Views\\user\\data_user.php')
 3 SYSTEMPATH\View\View.php(227): CodeIgniter\View\View->CodeIgniter\View\{closure}()
 4 SYSTEMPATH\Common.php(1180): CodeIgniter\View\View->render('user/data_user', [], true)
 5 APPPATH\Controllers\User.php(25): view('user/data_user', [...])
 6 SYSTEMPATH\CodeIgniter.php(932): App\Controllers\User->index()
 7 SYSTEMPATH\CodeIgniter.php(497): CodeIgniter\CodeIgniter->runController(Object(App\Controllers\User))
 8 SYSTEMPATH\CodeIgniter.php(366): CodeIgniter\CodeIgniter->handleRequest(null, Object(Config\Cache), false)
 9 FCPATH\index.php(67): CodeIgniter\CodeIgniter->run()
10 SYSTEMPATH\Commands\Server\rewrite.php(47): require_once('D:\\PROGRAMMING\\HOTEL_BSI\\hotels_bsi\\public\\index.php')
CRITICAL - 2023-06-18 11:55:39 --> Undefined array key "address"
in APPPATH\Views\user\data_user.php on line 101.
 1 APPPATH\Views\user\data_user.php(101): CodeIgniter\Debug\Exceptions->errorHandler(2, 'Undefined array key "address"', 'D:\\PROGRAMMING\\HOTEL_BSI\\hotels_bsi\\app\\Views\\user\\data_user.php', 101)
 2 SYSTEMPATH\View\View.php(224): include('D:\\PROGRAMMING\\HOTEL_BSI\\hotels_bsi\\app\\Views\\user\\data_user.php')
 3 SYSTEMPATH\View\View.php(227): CodeIgniter\View\View->CodeIgniter\View\{closure}()
 4 SYSTEMPATH\Common.php(1180): CodeIgniter\View\View->render('user/data_user', [], true)
 5 APPPATH\Controllers\User.php(25): view('user/data_user', [...])
 6 SYSTEMPATH\CodeIgniter.php(932): App\Controllers\User->index()
 7 SYSTEMPATH\CodeIgniter.php(497): CodeIgniter\CodeIgniter->runController(Object(App\Controllers\User))
 8 SYSTEMPATH\CodeIgniter.php(366): CodeIgniter\CodeIgniter->handleRequest(null, Object(Config\Cache), false)
 9 FCPATH\index.php(67): CodeIgniter\CodeIgniter->run()
10 SYSTEMPATH\Commands\Server\rewrite.php(47): require_once('D:\\PROGRAMMING\\HOTEL_BSI\\hotels_bsi\\public\\index.php')
CRITICAL - 2023-06-18 11:56:34 --> Undefined array key "id"
in APPPATH\Views\user\data_user.php on line 108.
 1 APPPATH\Views\user\data_user.php(108): CodeIgniter\Debug\Exceptions->errorHandler(2, 'Undefined array key "id"', 'D:\\PROGRAMMING\\HOTEL_BSI\\hotels_bsi\\app\\Views\\user\\data_user.php', 108)
 2 SYSTEMPATH\View\View.php(224): include('D:\\PROGRAMMING\\HOTEL_BSI\\hotels_bsi\\app\\Views\\user\\data_user.php')
 3 SYSTEMPATH\View\View.php(227): CodeIgniter\View\View->CodeIgniter\View\{closure}()
 4 SYSTEMPATH\Common.php(1180): CodeIgniter\View\View->render('user/data_user', [], true)
 5 APPPATH\Controllers\User.php(25): view('user/data_user', [...])
 6 SYSTEMPATH\CodeIgniter.php(932): App\Controllers\User->index()
 7 SYSTEMPATH\CodeIgniter.php(497): CodeIgniter\CodeIgniter->runController(Object(App\Controllers\User))
 8 SYSTEMPATH\CodeIgniter.php(366): CodeIgniter\CodeIgniter->handleRequest(null, Object(Config\Cache), false)
 9 FCPATH\index.php(67): CodeIgniter\CodeIgniter->run()
10 SYSTEMPATH\Commands\Server\rewrite.php(47): require_once('D:\\PROGRAMMING\\HOTEL_BSI\\hotels_bsi\\public\\index.php')
CRITICAL - 2023-06-18 11:56:36 --> Undefined array key "id"
in APPPATH\Views\user\data_user.php on line 108.
 1 APPPATH\Views\user\data_user.php(108): CodeIgniter\Debug\Exceptions->errorHandler(2, 'Undefined array key "id"', 'D:\\PROGRAMMING\\HOTEL_BSI\\hotels_bsi\\app\\Views\\user\\data_user.php', 108)
 2 SYSTEMPATH\View\View.php(224): include('D:\\PROGRAMMING\\HOTEL_BSI\\hotels_bsi\\app\\Views\\user\\data_user.php')
 3 SYSTEMPATH\View\View.php(227): CodeIgniter\View\View->CodeIgniter\View\{closure}()
 4 SYSTEMPATH\Common.php(1180): CodeIgniter\View\View->render('user/data_user', [], true)
 5 APPPATH\Controllers\User.php(25): view('user/data_user', [...])
 6 SYSTEMPATH\CodeIgniter.php(932): App\Controllers\User->index()
 7 SYSTEMPATH\CodeIgniter.php(497): CodeIgniter\CodeIgniter->runController(Object(App\Controllers\User))
 8 SYSTEMPATH\CodeIgniter.php(366): CodeIgniter\CodeIgniter->handleRequest(null, Object(Config\Cache), false)
 9 FCPATH\index.php(67): CodeIgniter\CodeIgniter->run()
10 SYSTEMPATH\Commands\Server\rewrite.php(47): require_once('D:\\PROGRAMMING\\HOTEL_BSI\\hotels_bsi\\public\\index.php')
INFO - 2023-06-18 11:57:50 --> Session: Class initialized using 'CodeIgniter\Session\Handlers\FileHandler' driver.
INFO - 2023-06-18 11:58:33 --> Session: Class initialized using 'CodeIgniter\Session\Handlers\FileHandler' driver.
INFO - 2023-06-18 11:58:53 --> Session: Class initialized using 'CodeIgniter\Session\Handlers\FileHandler' driver.
INFO - 2023-06-18 11:59:29 --> Session: Class initialized using 'CodeIgniter\Session\Handlers\FileHandler' driver.
INFO - 2023-06-18 12:01:25 --> Session: Class initialized using 'CodeIgniter\Session\Handlers\FileHandler' driver.
INFO - 2023-06-18 12:01:29 --> Session: Class initialized using 'CodeIgniter\Session\Handlers\FileHandler' driver.
INFO - 2023-06-18 12:01:57 --> Session: Class initialized using 'CodeIgniter\Session\Handlers\FileHandler' driver.
INFO - 2023-06-18 12:02:02 --> Session: Class initialized using 'CodeIgniter\Session\Handlers\FileHandler' driver.
INFO - 2023-06-18 12:02:20 --> Session: Class initialized using 'CodeIgniter\Session\Handlers\FileHandler' driver.
INFO - 2023-06-18 12:02:29 --> Session: Class initialized using 'CodeIgniter\Session\Handlers\FileHandler' driver.
INFO - 2023-06-18 12:04:32 --> Session: Class initialized using 'CodeIgniter\Session\Handlers\FileHandler' driver.
INFO - 2023-06-18 12:04:41 --> Session: Class initialized using 'CodeIgniter\Session\Handlers\FileHandler' driver.
INFO - 2023-06-18 12:04:47 --> Session: Class initialized using 'CodeIgniter\Session\Handlers\FileHandler' driver.
INFO - 2023-06-18 12:04:56 --> Session: Class initialized using 'CodeIgniter\Session\Handlers\FileHandler' driver.
INFO - 2023-06-18 12:05:57 --> Session: Class initialized using 'CodeIgniter\Session\Handlers\FileHandler' driver.
INFO - 2023-06-18 12:06:10 --> Session: Class initialized using 'CodeIgniter\Session\Handlers\FileHandler' driver.
INFO - 2023-06-18 12:06:14 --> Session: Class initialized using 'CodeIgniter\Session\Handlers\FileHandler' driver.
INFO - 2023-06-18 12:07:11 --> Session: Class initialized using 'CodeIgniter\Session\Handlers\FileHandler' driver.
INFO - 2023-06-18 12:07:16 --> Session: Class initialized using 'CodeIgniter\Session\Handlers\FileHandler' driver.
INFO - 2023-06-18 12:07:16 --> Session: Class initialized using 'CodeIgniter\Session\Handlers\FileHandler' driver.
INFO - 2023-06-18 12:07:21 --> Session: Class initialized using 'CodeIgniter\Session\Handlers\FileHandler' driver.
INFO - 2023-06-18 12:07:21 --> Session: Class initialized using 'CodeIgniter\Session\Handlers\FileHandler' driver.
INFO - 2023-06-18 12:08:04 --> Session: Class initialized using 'CodeIgniter\Session\Handlers\FileHandler' driver.
INFO - 2023-06-18 12:08:41 --> Session: Class initialized using 'CodeIgniter\Session\Handlers\FileHandler' driver.
INFO - 2023-06-18 12:09:14 --> Session: Class initialized using 'CodeIgniter\Session\Handlers\FileHandler' driver.
INFO - 2023-06-18 12:09:55 --> Session: Class initialized using 'CodeIgniter\Session\Handlers\FileHandler' driver.
INFO - 2023-06-18 12:10:31 --> Session: Class initialized using 'CodeIgniter\Session\Handlers\FileHandler' driver.
CRITICAL - 2023-06-18 12:12:17 --> Undefined property: App\Controllers\Home::$KamarModel
in APPPATH\Controllers\Home.php on line 21.
 1 APPPATH\Controllers\Home.php(21): CodeIgniter\Debug\Exceptions->errorHandler(2, 'Undefined property: App\\Controllers\\Home::$KamarModel', 'D:\\PROGRAMMING\\HOTEL_BSI\\hotels_bsi\\app\\Controllers\\Home.php', 21)
 2 SYSTEMPATH\CodeIgniter.php(932): App\Controllers\Home->index()
 3 SYSTEMPATH\CodeIgniter.php(497): CodeIgniter\CodeIgniter->runController(Object(App\Controllers\Home))
 4 SYSTEMPATH\CodeIgniter.php(366): CodeIgniter\CodeIgniter->handleRequest(null, Object(Config\Cache), false)
 5 FCPATH\index.php(67): CodeIgniter\CodeIgniter->run()
 6 SYSTEMPATH\Commands\Server\rewrite.php(47): require_once('D:\\PROGRAMMING\\HOTEL_BSI\\hotels_bsi\\public\\index.php')
CRITICAL - 2023-06-18 12:12:39 --> Call to a member function getNumRows() on array
in APPPATH\Controllers\Home.php on line 23.
 1 SYSTEMPATH\CodeIgniter.php(932): App\Controllers\Home->index()
 2 SYSTEMPATH\CodeIgniter.php(497): CodeIgniter\CodeIgniter->runController(Object(App\Controllers\Home))
 3 SYSTEMPATH\CodeIgniter.php(366): CodeIgniter\CodeIgniter->handleRequest(null, Object(Config\Cache), false)
 4 FCPATH\index.php(67): CodeIgniter\CodeIgniter->run()
 5 SYSTEMPATH\Commands\Server\rewrite.php(47): require_once('D:\\PROGRAMMING\\HOTEL_BSI\\hotels_bsi\\public\\index.php')
INFO - 2023-06-18 12:14:30 --> Session: Class initialized using 'CodeIgniter\Session\Handlers\FileHandler' driver.
INFO - 2023-06-18 12:15:19 --> Session: Class initialized using 'CodeIgniter\Session\Handlers\FileHandler' driver.
CRITICAL - 2023-06-18 12:15:19 --> Undefined variable $kmr_count
in APPPATH\Views\home\admin_home.php on line 34.
 1 APPPATH\Views\home\admin_home.php(34): CodeIgniter\Debug\Exceptions->errorHandler(2, 'Undefined variable $kmr_count', 'D:\\PROGRAMMING\\HOTEL_BSI\\hotels_bsi\\app\\Views\\home\\admin_home.php', 34)
 2 SYSTEMPATH\View\View.php(224): include('D:\\PROGRAMMING\\HOTEL_BSI\\hotels_bsi\\app\\Views\\home\\admin_home.php')
 3 SYSTEMPATH\View\View.php(227): CodeIgniter\View\View->CodeIgniter\View\{closure}()
 4 SYSTEMPATH\Common.php(1180): CodeIgniter\View\View->render('home/admin_home', [], true)
 5 APPPATH\Controllers\Home.php(29): view('home/admin_home', [...])
 6 SYSTEMPATH\CodeIgniter.php(932): App\Controllers\Home->index()
 7 SYSTEMPATH\CodeIgniter.php(497): CodeIgniter\CodeIgniter->runController(Object(App\Controllers\Home))
 8 SYSTEMPATH\CodeIgniter.php(366): CodeIgniter\CodeIgniter->handleRequest(null, Object(Config\Cache), false)
 9 FCPATH\index.php(67): CodeIgniter\CodeIgniter->run()
10 SYSTEMPATH\Commands\Server\rewrite.php(47): require_once('D:\\PROGRAMMING\\HOTEL_BSI\\hotels_bsi\\public\\index.php')
INFO - 2023-06-18 12:15:27 --> Session: Class initialized using 'CodeIgniter\Session\Handlers\FileHandler' driver.
INFO - 2023-06-18 12:15:36 --> Session: Class initialized using 'CodeIgniter\Session\Handlers\FileHandler' driver.
INFO - 2023-06-18 12:16:40 --> Session: Class initialized using 'CodeIgniter\Session\Handlers\FileHandler' driver.
INFO - 2023-06-18 12:16:43 --> Session: Class initialized using 'CodeIgniter\Session\Handlers\FileHandler' driver.
INFO - 2023-06-18 12:17:09 --> Session: Class initialized using 'CodeIgniter\Session\Handlers\FileHandler' driver.
INFO - 2023-06-18 12:17:28 --> Session: Class initialized using 'CodeIgniter\Session\Handlers\FileHandler' driver.
INFO - 2023-06-18 12:18:09 --> Session: Class initialized using 'CodeIgniter\Session\Handlers\FileHandler' driver.
INFO - 2023-06-18 12:19:20 --> Session: Class initialized using 'CodeIgniter\Session\Handlers\FileHandler' driver.
INFO - 2023-06-18 12:20:06 --> Session: Class initialized using 'CodeIgniter\Session\Handlers\FileHandler' driver.
INFO - 2023-06-18 12:20:13 --> Session: Class initialized using 'CodeIgniter\Session\Handlers\FileHandler' driver.
INFO - 2023-06-18 12:20:27 --> Session: Class initialized using 'CodeIgniter\Session\Handlers\FileHandler' driver.
INFO - 2023-06-18 12:20:31 --> Session: Class initialized using 'CodeIgniter\Session\Handlers\FileHandler' driver.
INFO - 2023-06-18 12:20:34 --> Session: Class initialized using 'CodeIgniter\Session\Handlers\FileHandler' driver.
INFO - 2023-06-18 12:21:06 --> Session: Class initialized using 'CodeIgniter\Session\Handlers\FileHandler' driver.
INFO - 2023-06-18 12:21:13 --> Session: Class initialized using 'CodeIgniter\Session\Handlers\FileHandler' driver.
INFO - 2023-06-18 12:21:17 --> Session: Class initialized using 'CodeIgniter\Session\Handlers\FileHandler' driver.
INFO - 2023-06-18 12:21:33 --> Session: Class initialized using 'CodeIgniter\Session\Handlers\FileHandler' driver.
INFO - 2023-06-18 12:21:36 --> Session: Class initialized using 'CodeIgniter\Session\Handlers\FileHandler' driver.
INFO - 2023-06-18 12:21:38 --> Session: Class initialized using 'CodeIgniter\Session\Handlers\FileHandler' driver.
INFO - 2023-06-18 12:21:38 --> Session: Class initialized using 'CodeIgniter\Session\Handlers\FileHandler' driver.
INFO - 2023-06-18 12:21:38 --> Session: Class initialized using 'CodeIgniter\Session\Handlers\FileHandler' driver.
INFO - 2023-06-18 12:21:38 --> Session: Class initialized using 'CodeIgniter\Session\Handlers\FileHandler' driver.
INFO - 2023-06-18 12:21:38 --> Session: Class initialized using 'CodeIgniter\Session\Handlers\FileHandler' driver.
INFO - 2023-06-18 12:21:38 --> Session: Class initialized using 'CodeIgniter\Session\Handlers\FileHandler' driver.
INFO - 2023-06-18 12:21:39 --> Session: Class initialized using 'CodeIgniter\Session\Handlers\FileHandler' driver.
INFO - 2023-06-18 12:21:39 --> Session: Class initialized using 'CodeIgniter\Session\Handlers\FileHandler' driver.
INFO - 2023-06-18 12:21:50 --> Session: Class initialized using 'CodeIgniter\Session\Handlers\FileHandler' driver.
INFO - 2023-06-18 12:21:50 --> Session: Class initialized using 'CodeIgniter\Session\Handlers\FileHandler' driver.
INFO - 2023-06-18 12:25:10 --> Session: Class initialized using 'CodeIgniter\Session\Handlers\FileHandler' driver.
INFO - 2023-06-18 12:25:39 --> Session: Class initialized using 'CodeIgniter\Session\Handlers\FileHandler' driver.
INFO - 2023-06-18 12:25:42 --> Session: Class initialized using 'CodeIgniter\Session\Handlers\FileHandler' driver.
INFO - 2023-06-18 12:25:43 --> Session: Class initialized using 'CodeIgniter\Session\Handlers\FileHandler' driver.
INFO - 2023-06-18 12:25:47 --> Session: Class initialized using 'CodeIgniter\Session\Handlers\FileHandler' driver.
INFO - 2023-06-18 12:26:10 --> Session: Class initialized using 'CodeIgniter\Session\Handlers\FileHandler' driver.
INFO - 2023-06-18 12:26:10 --> Session: Class initialized using 'CodeIgniter\Session\Handlers\FileHandler' driver.
INFO - 2023-06-18 12:26:46 --> Session: Class initialized using 'CodeIgniter\Session\Handlers\FileHandler' driver.
INFO - 2023-06-18 12:26:46 --> Session: Class initialized using 'CodeIgniter\Session\Handlers\FileHandler' driver.
INFO - 2023-06-18 12:27:36 --> Session: Class initialized using 'CodeIgniter\Session\Handlers\FileHandler' driver.
INFO - 2023-06-18 12:27:41 --> Session: Class initialized using 'CodeIgniter\Session\Handlers\FileHandler' driver.
INFO - 2023-06-18 12:28:44 --> Session: Class initialized using 'CodeIgniter\Session\Handlers\FileHandler' driver.
