INFO - 2023-06-26 06:56:24 --> Session: Class initialized using 'CodeIgniter\Session\Handlers\FileHandler' driver.
INFO - 2023-06-26 06:56:30 --> Session: Class initialized using 'CodeIgniter\Session\Handlers\FileHandler' driver.
INFO - 2023-06-26 06:56:31 --> Session: Class initialized using 'CodeIgniter\Session\Handlers\FileHandler' driver.
INFO - 2023-06-26 06:56:45 --> Session: Class initialized using 'CodeIgniter\Session\Handlers\FileHandler' driver.
INFO - 2023-06-26 06:58:21 --> Session: Class initialized using 'CodeIgniter\Session\Handlers\FileHandler' driver.
INFO - 2023-06-26 06:58:29 --> Session: Class initialized using 'CodeIgniter\Session\Handlers\FileHandler' driver.
INFO - 2023-06-26 06:58:36 --> Session: Class initialized using 'CodeIgniter\Session\Handlers\FileHandler' driver.
INFO - 2023-06-26 07:01:15 --> Session: Class initialized using 'CodeIgniter\Session\Handlers\FileHandler' driver.
INFO - 2023-06-26 07:01:21 --> Session: Class initialized using 'CodeIgniter\Session\Handlers\FileHandler' driver.
INFO - 2023-06-26 07:05:26 --> Session: Class initialized using 'CodeIgniter\Session\Handlers\FileHandler' driver.
INFO - 2023-06-26 07:06:51 --> Session: Class initialized using 'CodeIgniter\Session\Handlers\FileHandler' driver.
INFO - 2023-06-26 07:08:19 --> Session: Class initialized using 'CodeIgniter\Session\Handlers\FileHandler' driver.
CRITICAL - 2023-06-26 07:08:19 --> Invalid file: "Tamu.add_modal"
in SYSTEMPATH\Exceptions\FrameworkException.php on line 33.
 1 SYSTEMPATH\View\View.php(212): CodeIgniter\Exceptions\FrameworkException::forInvalidFile('Tamu.add_modal')
 2 SYSTEMPATH\View\View.php(452): CodeIgniter\View\View->render('Tamu.add_modal', null, true)
 3 APPPATH\Views\tamu\data.php(110): CodeIgniter\View\View->include('Tamu.add_modal')
 4 SYSTEMPATH\View\View.php(224): include('D:\\PROGRAMMING\\HOTEL_BSI\\hotels_bsi\\app\\Views\\tamu\\data.php')
 5 SYSTEMPATH\View\View.php(227): CodeIgniter\View\View->CodeIgniter\View\{closure}()
 6 SYSTEMPATH\Common.php(1180): CodeIgniter\View\View->render('tamu/data', [], true)
 7 APPPATH\Controllers\Tamu.php(21): view('tamu/data', [...])
 8 SYSTEMPATH\CodeIgniter.php(932): App\Controllers\Tamu->index()
 9 SYSTEMPATH\CodeIgniter.php(497): CodeIgniter\CodeIgniter->runController(Object(App\Controllers\Tamu))
10 SYSTEMPATH\CodeIgniter.php(366): CodeIgniter\CodeIgniter->handleRequest(null, Object(Config\Cache), false)
11 FCPATH\index.php(67): CodeIgniter\CodeIgniter->run()
12 SYSTEMPATH\Commands\Server\rewrite.php(47): require_once('D:\\PROGRAMMING\\HOTEL_BSI\\hotels_bsi\\public\\index.php')
INFO - 2023-06-26 07:09:11 --> Session: Class initialized using 'CodeIgniter\Session\Handlers\FileHandler' driver.
INFO - 2023-06-26 07:09:14 --> Session: Class initialized using 'CodeIgniter\Session\Handlers\FileHandler' driver.
INFO - 2023-06-26 07:11:43 --> Session: Class initialized using 'CodeIgniter\Session\Handlers\FileHandler' driver.
CRITICAL - 2023-06-26 07:11:43 --> Invalid file: "Tamu.add_modal"
in SYSTEMPATH\Exceptions\FrameworkException.php on line 33.
 1 SYSTEMPATH\View\View.php(212): CodeIgniter\Exceptions\FrameworkException::forInvalidFile('Tamu.add_modal')
 2 SYSTEMPATH\View\View.php(452): CodeIgniter\View\View->render('Tamu.add_modal', null, true)
 3 APPPATH\Views\tamu\data.php(110): CodeIgniter\View\View->include('Tamu.add_modal')
 4 SYSTEMPATH\View\View.php(224): include('D:\\PROGRAMMING\\HOTEL_BSI\\hotels_bsi\\app\\Views\\tamu\\data.php')
 5 SYSTEMPATH\View\View.php(227): CodeIgniter\View\View->CodeIgniter\View\{closure}()
 6 SYSTEMPATH\Common.php(1180): CodeIgniter\View\View->render('tamu/data', [], true)
 7 APPPATH\Controllers\Tamu.php(21): view('tamu/data', [...])
 8 SYSTEMPATH\CodeIgniter.php(932): App\Controllers\Tamu->index()
 9 SYSTEMPATH\CodeIgniter.php(497): CodeIgniter\CodeIgniter->runController(Object(App\Controllers\Tamu))
10 SYSTEMPATH\CodeIgniter.php(366): CodeIgniter\CodeIgniter->handleRequest(null, Object(Config\Cache), false)
11 FCPATH\index.php(67): CodeIgniter\CodeIgniter->run()
12 SYSTEMPATH\Commands\Server\rewrite.php(47): require_once('D:\\PROGRAMMING\\HOTEL_BSI\\hotels_bsi\\public\\index.php')
INFO - 2023-06-26 07:11:45 --> Session: Class initialized using 'CodeIgniter\Session\Handlers\FileHandler' driver.
CRITICAL - 2023-06-26 07:11:45 --> Invalid file: "Tamu.add_modal"
in SYSTEMPATH\Exceptions\FrameworkException.php on line 33.
 1 SYSTEMPATH\View\View.php(212): CodeIgniter\Exceptions\FrameworkException::forInvalidFile('Tamu.add_modal')
 2 SYSTEMPATH\View\View.php(452): CodeIgniter\View\View->render('Tamu.add_modal', null, true)
 3 APPPATH\Views\tamu\data.php(110): CodeIgniter\View\View->include('Tamu.add_modal')
 4 SYSTEMPATH\View\View.php(224): include('D:\\PROGRAMMING\\HOTEL_BSI\\hotels_bsi\\app\\Views\\tamu\\data.php')
 5 SYSTEMPATH\View\View.php(227): CodeIgniter\View\View->CodeIgniter\View\{closure}()
 6 SYSTEMPATH\Common.php(1180): CodeIgniter\View\View->render('tamu/data', [], true)
 7 APPPATH\Controllers\Tamu.php(21): view('tamu/data', [...])
 8 SYSTEMPATH\CodeIgniter.php(932): App\Controllers\Tamu->index()
 9 SYSTEMPATH\CodeIgniter.php(497): CodeIgniter\CodeIgniter->runController(Object(App\Controllers\Tamu))
10 SYSTEMPATH\CodeIgniter.php(366): CodeIgniter\CodeIgniter->handleRequest(null, Object(Config\Cache), false)
11 FCPATH\index.php(67): CodeIgniter\CodeIgniter->run()
12 SYSTEMPATH\Commands\Server\rewrite.php(47): require_once('D:\\PROGRAMMING\\HOTEL_BSI\\hotels_bsi\\public\\index.php')
INFO - 2023-06-26 07:19:48 --> Session: Class initialized using 'CodeIgniter\Session\Handlers\FileHandler' driver.
